TN:tests/stacks-m2m-v1.test.ts__Adding a resource__add-resource() fails if not called by deployer
SF:/home/whoabuddy/Dev/stacks-m2m/contracts/src/stacks-m2m-abtc.clar
FN:34,get-contract-owner
FN:37,get-name
FN:40,get-symbol
FN:43,get-decimals
FN:46,get-balance
FN:49,get-total-supply
FN:52,get-token-uri
FN:154,pow-decimals
FN:55,fixed-to-decimals
FN:58,decimals-to-fixed
FN:61,get-total-supply-fixed
FN:64,get-balance-fixed
FN:148,check-is-owner
FN:69,set-contract-owner
FN:74,set-name
FN:79,set-symbol
FN:84,set-decimals
FN:89,set-token-uri
FN:94,add-approved-contract
FN:99,set-approved-contract
FN:104,transfer
FN:151,check-is-approved
FN:111,mint
FN:116,burn
FN:121,transfer-fixed
FN:124,mint-fixed
FN:127,burn-fixed
FN:157,burn-fixed-many-iter
FN:130,burn-fixed-many
FN:136,faucet-drip
FN:139,faucet-drop
FN:142,faucet-flood
FNF:32
FNH:0
BRF:0
BRH:0
end_of_record
TN:tests/stacks-m2m-v1.test.ts__Adding a resource__add-resource() fails if not called by deployer
SF:/home/whoabuddy/Dev/stacks-m2m/contracts/src/stacks-m2m-trait-v1.clar
FNF:0
FNH:0
BRF:0
BRH:0
end_of_record
TN:tests/stacks-m2m-v1.test.ts__Adding a resource__add-resource() fails if not called by deployer
SF:/home/whoabuddy/Dev/stacks-m2m/contracts/src/stacks-m2m-v1.clar
FN:118,get-total-users
FN:123,get-user-index
FN:128,get-user-data
FN:133,get-user-data-by-address
FN:138,get-total-resources
FN:143,get-resource-index
FN:148,get-resource
FN:153,get-resource-by-name
FN:158,get-total-invoices
FN:163,get-invoice-index
FN:168,get-invoice
FN:173,get-invoice-by-hash
FN:178,get-recent-payment
FN:186,get-recent-payment-data
FN:191,get-recent-payment-data-by-address
FN:196,get-payment-address
FN:205,get-invoice-hash
FN:380,is-deployer
FN:237,set-payment-address
FN:255,add-resource
FN:290,delete-resource
FN:302,delete-resource-by-name
FN:384,get-or-create-user
FN:307,pay-invoice
FN:373,pay-invoice-by-resource-name
FNDA:1,add-resource
FNDA:1,get-total-resources
FNDA:1,is-deployer
FNF:25
FNH:3
DA:119,0
DA:124,0
DA:129,0
DA:134,0
DA:139,1
DA:144,0
DA:149,0
DA:154,0
DA:159,0
DA:164,0
DA:169,0
DA:174,0
DA:179,0
DA:180,0
DA:181,0
DA:187,0
DA:192,0
DA:197,0
DA:206,0
DA:209,0
DA:210,0
DA:212,0
DA:214,0
DA:215,0
DA:217,0
DA:218,0
DA:219,0
DA:220,0
DA:221,0
DA:223,0
DA:225,0
DA:228,0
DA:238,0
DA:240,0
DA:242,0
DA:244,0
DA:245,0
DA:246,0
DA:247,0
DA:249,0
DA:256,1
DA:258,1
DA:261,1
DA:263,0
DA:264,0
DA:265,0
DA:267,0
DA:269,0
DA:270,0
DA:272,0
DA:273,0
DA:274,0
DA:275,0
DA:276,0
DA:277,0
DA:279,0
DA:281,0
DA:283,0
DA:291,0
DA:293,0
DA:295,0
DA:297,0
DA:303,0
DA:308,0
DA:310,0
DA:311,0
DA:312,0
DA:313,0
DA:314,0
DA:315,0
DA:318,0
DA:320,0
DA:321,0
DA:323,0
DA:324,0
DA:325,0
DA:326,0
DA:327,0
DA:328,0
DA:330,0
DA:332,0
DA:334,0
DA:335,0
DA:337,0
DA:340,0
DA:341,0
DA:342,0
DA:343,0
DA:344,0
DA:348,0
DA:349,0
DA:350,0
DA:351,0
DA:352,0
DA:356,0
DA:358,0
DA:359,0
DA:360,0
DA:361,0
DA:364,0
DA:365,0
DA:366,0
DA:369,0
DA:374,0
DA:381,1
DA:385,0
DA:386,0
DA:387,0
DA:390,0
DA:393,0
DA:395,0
DA:396,0
DA:398,0
DA:399,0
DA:400,0
DA:402,0
DA:404,0
DA:406,0
BRF:23
BRH:1
BRDA:240,560,0,0
BRDA:242,569,0,0
BRDA:245,580,0,0
BRDA:246,580,1,0
BRDA:247,578,0,0
BRDA:263,628,0,0
BRDA:264,637,0,0
BRDA:265,646,0,0
BRDA:267,653,0,0
BRDA:279,661,0,0
BRDA:295,708,0,0
BRDA:295,710,0,0
BRDA:295,710,1,0
BRDA:297,725,0,0
BRDA:318,873,0,0
BRDA:330,881,0,0
BRDA:365,1007,0,0
BRDA:366,1007,1,0
BRDA:381,541,0,1
BRDA:386,756,0,0
BRDA:387,756,1,0
BRDA:393,776,0,0
BRDA:402,784,0,0
end_of_record
TN:tests/stacks-m2m-v1.test.ts__Adding a resource__add-resource() fails if not called by deployer
SF:/home/whoabuddy/Dev/stacks-m2m/contracts/src/stacks-m2m-v2.clar
FN:121,get-total-users
FN:126,get-user-index
FN:131,get-user-data
FN:136,get-user-data-by-address
FN:141,get-total-resources
FN:146,get-resource-index
FN:151,get-resource
FN:156,get-resource-by-name
FN:161,get-total-invoices
FN:166,get-invoice
FN:171,get-recent-payment
FN:179,get-recent-payment-data
FN:184,get-recent-payment-data-by-address
FN:189,get-payment-address
FN:342,is-deployer
FN:198,set-payment-address
FN:216,add-resource
FN:252,delete-resource
FN:264,delete-resource-by-name
FN:346,get-or-create-user
FN:269,pay-invoice
FN:335,pay-invoice-by-resource-name
FNF:22
FNH:0
BRF:0
BRH:0
end_of_record

TN:tests/stacks-m2m-v1.test.ts__Adding a resource__add-resource() fails if name is blank
SF:/home/whoabuddy/Dev/stacks-m2m/contracts/src/stacks-m2m-abtc.clar
FN:34,get-contract-owner
FN:37,get-name
FN:40,get-symbol
FN:43,get-decimals
FN:46,get-balance
FN:49,get-total-supply
FN:52,get-token-uri
FN:154,pow-decimals
FN:55,fixed-to-decimals
FN:58,decimals-to-fixed
FN:61,get-total-supply-fixed
FN:64,get-balance-fixed
FN:148,check-is-owner
FN:69,set-contract-owner
FN:74,set-name
FN:79,set-symbol
FN:84,set-decimals
FN:89,set-token-uri
FN:94,add-approved-contract
FN:99,set-approved-contract
FN:104,transfer
FN:151,check-is-approved
FN:111,mint
FN:116,burn
FN:121,transfer-fixed
FN:124,mint-fixed
FN:127,burn-fixed
FN:157,burn-fixed-many-iter
FN:130,burn-fixed-many
FN:136,faucet-drip
FN:139,faucet-drop
FN:142,faucet-flood
FNF:32
FNH:0
BRF:0
BRH:0
end_of_record
TN:tests/stacks-m2m-v1.test.ts__Adding a resource__add-resource() fails if name is blank
SF:/home/whoabuddy/Dev/stacks-m2m/contracts/src/stacks-m2m-trait-v1.clar
FNF:0
FNH:0
BRF:0
BRH:0
end_of_record
TN:tests/stacks-m2m-v1.test.ts__Adding a resource__add-resource() fails if name is blank
SF:/home/whoabuddy/Dev/stacks-m2m/contracts/src/stacks-m2m-v1.clar
FN:118,get-total-users
FN:123,get-user-index
FN:128,get-user-data
FN:133,get-user-data-by-address
FN:138,get-total-resources
FN:143,get-resource-index
FN:148,get-resource
FN:153,get-resource-by-name
FN:158,get-total-invoices
FN:163,get-invoice-index
FN:168,get-invoice
FN:173,get-invoice-by-hash
FN:178,get-recent-payment
FN:186,get-recent-payment-data
FN:191,get-recent-payment-data-by-address
FN:196,get-payment-address
FN:205,get-invoice-hash
FN:380,is-deployer
FN:237,set-payment-address
FN:255,add-resource
FN:290,delete-resource
FN:302,delete-resource-by-name
FN:384,get-or-create-user
FN:307,pay-invoice
FN:373,pay-invoice-by-resource-name
FNDA:1,add-resource
FNDA:1,get-total-resources
FNDA:1,is-deployer
FNF:25
FNH:3
DA:119,0
DA:124,0
DA:129,0
DA:134,0
DA:139,1
DA:144,0
DA:149,0
DA:154,0
DA:159,0
DA:164,0
DA:169,0
DA:174,0
DA:179,0
DA:180,0
DA:181,0
DA:187,0
DA:192,0
DA:197,0
DA:206,0
DA:209,0
DA:210,0
DA:212,0
DA:214,0
DA:215,0
DA:217,0
DA:218,0
DA:219,0
DA:220,0
DA:221,0
DA:223,0
DA:225,0
DA:228,0
DA:238,0
DA:240,0
DA:242,0
DA:244,0
DA:245,0
DA:246,0
DA:247,0
DA:249,0
DA:256,1
DA:258,1
DA:261,1
DA:263,1
DA:264,0
DA:265,0
DA:267,0
DA:269,0
DA:270,0
DA:272,0
DA:273,0
DA:274,0
DA:275,0
DA:276,0
DA:277,0
DA:279,0
DA:281,0
DA:283,0
DA:291,0
DA:293,0
DA:295,0
DA:297,0
DA:303,0
DA:308,0
DA:310,0
DA:311,0
DA:312,0
DA:313,0
DA:314,0
DA:315,0
DA:318,0
DA:320,0
DA:321,0
DA:323,0
DA:324,0
DA:325,0
DA:326,0
DA:327,0
DA:328,0
DA:330,0
DA:332,0
DA:334,0
DA:335,0
DA:337,0
DA:340,0
DA:341,0
DA:342,0
DA:343,0
DA:344,0
DA:348,0
DA:349,0
DA:350,0
DA:351,0
DA:352,0
DA:356,0
DA:358,0
DA:359,0
DA:360,0
DA:361,0
DA:364,0
DA:365,0
DA:366,0
DA:369,0
DA:374,0
DA:381,1
DA:385,0
DA:386,0
DA:387,0
DA:390,0
DA:393,0
DA:395,0
DA:396,0
DA:398,0
DA:399,0
DA:400,0
DA:402,0
DA:404,0
DA:406,0
BRF:23
BRH:1
BRDA:240,560,0,0
BRDA:242,569,0,0
BRDA:245,580,0,0
BRDA:246,580,1,0
BRDA:247,578,0,0
BRDA:263,628,0,1
BRDA:264,637,0,0
BRDA:265,646,0,0
BRDA:267,653,0,0
BRDA:279,661,0,0
BRDA:295,708,0,0
BRDA:295,710,0,0
BRDA:295,710,1,0
BRDA:297,725,0,0
BRDA:318,873,0,0
BRDA:330,881,0,0
BRDA:365,1007,0,0
BRDA:366,1007,1,0
BRDA:381,541,0,0
BRDA:386,756,0,0
BRDA:387,756,1,0
BRDA:393,776,0,0
BRDA:402,784,0,0
end_of_record
TN:tests/stacks-m2m-v1.test.ts__Adding a resource__add-resource() fails if name is blank
SF:/home/whoabuddy/Dev/stacks-m2m/contracts/src/stacks-m2m-v2.clar
FN:121,get-total-users
FN:126,get-user-index
FN:131,get-user-data
FN:136,get-user-data-by-address
FN:141,get-total-resources
FN:146,get-resource-index
FN:151,get-resource
FN:156,get-resource-by-name
FN:161,get-total-invoices
FN:166,get-invoice
FN:171,get-recent-payment
FN:179,get-recent-payment-data
FN:184,get-recent-payment-data-by-address
FN:189,get-payment-address
FN:342,is-deployer
FN:198,set-payment-address
FN:216,add-resource
FN:252,delete-resource
FN:264,delete-resource-by-name
FN:346,get-or-create-user
FN:269,pay-invoice
FN:335,pay-invoice-by-resource-name
FNF:22
FNH:0
BRF:0
BRH:0
end_of_record

TN:tests/stacks-m2m-v1.test.ts__Adding a resource__add-resource() fails if description is blank
SF:/home/whoabuddy/Dev/stacks-m2m/contracts/src/stacks-m2m-abtc.clar
FN:34,get-contract-owner
FN:37,get-name
FN:40,get-symbol
FN:43,get-decimals
FN:46,get-balance
FN:49,get-total-supply
FN:52,get-token-uri
FN:154,pow-decimals
FN:55,fixed-to-decimals
FN:58,decimals-to-fixed
FN:61,get-total-supply-fixed
FN:64,get-balance-fixed
FN:148,check-is-owner
FN:69,set-contract-owner
FN:74,set-name
FN:79,set-symbol
FN:84,set-decimals
FN:89,set-token-uri
FN:94,add-approved-contract
FN:99,set-approved-contract
FN:104,transfer
FN:151,check-is-approved
FN:111,mint
FN:116,burn
FN:121,transfer-fixed
FN:124,mint-fixed
FN:127,burn-fixed
FN:157,burn-fixed-many-iter
FN:130,burn-fixed-many
FN:136,faucet-drip
FN:139,faucet-drop
FN:142,faucet-flood
FNF:32
FNH:0
BRF:0
BRH:0
end_of_record
TN:tests/stacks-m2m-v1.test.ts__Adding a resource__add-resource() fails if description is blank
SF:/home/whoabuddy/Dev/stacks-m2m/contracts/src/stacks-m2m-trait-v1.clar
FNF:0
FNH:0
BRF:0
BRH:0
end_of_record
TN:tests/stacks-m2m-v1.test.ts__Adding a resource__add-resource() fails if description is blank
SF:/home/whoabuddy/Dev/stacks-m2m/contracts/src/stacks-m2m-v1.clar
FN:118,get-total-users
FN:123,get-user-index
FN:128,get-user-data
FN:133,get-user-data-by-address
FN:138,get-total-resources
FN:143,get-resource-index
FN:148,get-resource
FN:153,get-resource-by-name
FN:158,get-total-invoices
FN:163,get-invoice-index
FN:168,get-invoice
FN:173,get-invoice-by-hash
FN:178,get-recent-payment
FN:186,get-recent-payment-data
FN:191,get-recent-payment-data-by-address
FN:196,get-payment-address
FN:205,get-invoice-hash
FN:380,is-deployer
FN:237,set-payment-address
FN:255,add-resource
FN:290,delete-resource
FN:302,delete-resource-by-name
FN:384,get-or-create-user
FN:307,pay-invoice
FN:373,pay-invoice-by-resource-name
FNDA:1,add-resource
FNDA:1,get-total-resources
FNDA:1,is-deployer
FNF:25
FNH:3
DA:119,0
DA:124,0
DA:129,0
DA:134,0
DA:139,1
DA:144,0
DA:149,0
DA:154,0
DA:159,0
DA:164,0
DA:169,0
DA:174,0
DA:179,0
DA:180,0
DA:181,0
DA:187,0
DA:192,0
DA:197,0
DA:206,0
DA:209,0
DA:210,0
DA:212,0
DA:214,0
DA:215,0
DA:217,0
DA:218,0
DA:219,0
DA:220,0
DA:221,0
DA:223,0
DA:225,0
DA:228,0
DA:238,0
DA:240,0
DA:242,0
DA:244,0
DA:245,0
DA:246,0
DA:247,0
DA:249,0
DA:256,1
DA:258,1
DA:261,1
DA:263,1
DA:264,1
DA:265,0
DA:267,0
DA:269,0
DA:270,0
DA:272,0
DA:273,0
DA:274,0
DA:275,0
DA:276,0
DA:277,0
DA:279,0
DA:281,0
DA:283,0
DA:291,0
DA:293,0
DA:295,0
DA:297,0
DA:303,0
DA:308,0
DA:310,0
DA:311,0
DA:312,0
DA:313,0
DA:314,0
DA:315,0
DA:318,0
DA:320,0
DA:321,0
DA:323,0
DA:324,0
DA:325,0
DA:326,0
DA:327,0
DA:328,0
DA:330,0
DA:332,0
DA:334,0
DA:335,0
DA:337,0
DA:340,0
DA:341,0
DA:342,0
DA:343,0
DA:344,0
DA:348,0
DA:349,0
DA:350,0
DA:351,0
DA:352,0
DA:356,0
DA:358,0
DA:359,0
DA:360,0
DA:361,0
DA:364,0
DA:365,0
DA:366,0
DA:369,0
DA:374,0
DA:381,1
DA:385,0
DA:386,0
DA:387,0
DA:390,0
DA:393,0
DA:395,0
DA:396,0
DA:398,0
DA:399,0
DA:400,0
DA:402,0
DA:404,0
DA:406,0
BRF:23
BRH:1
BRDA:240,560,0,0
BRDA:242,569,0,0
BRDA:245,580,0,0
BRDA:246,580,1,0
BRDA:247,578,0,0
BRDA:263,628,0,0
BRDA:264,637,0,1
BRDA:265,646,0,0
BRDA:267,653,0,0
BRDA:279,661,0,0
BRDA:295,708,0,0
BRDA:295,710,0,0
BRDA:295,710,1,0
BRDA:297,725,0,0
BRDA:318,873,0,0
BRDA:330,881,0,0
BRDA:365,1007,0,0
BRDA:366,1007,1,0
BRDA:381,541,0,0
BRDA:386,756,0,0
BRDA:387,756,1,0
BRDA:393,776,0,0
BRDA:402,784,0,0
end_of_record
TN:tests/stacks-m2m-v1.test.ts__Adding a resource__add-resource() fails if description is blank
SF:/home/whoabuddy/Dev/stacks-m2m/contracts/src/stacks-m2m-v2.clar
FN:121,get-total-users
FN:126,get-user-index
FN:131,get-user-data
FN:136,get-user-data-by-address
FN:141,get-total-resources
FN:146,get-resource-index
FN:151,get-resource
FN:156,get-resource-by-name
FN:161,get-total-invoices
FN:166,get-invoice
FN:171,get-recent-payment
FN:179,get-recent-payment-data
FN:184,get-recent-payment-data-by-address
FN:189,get-payment-address
FN:342,is-deployer
FN:198,set-payment-address
FN:216,add-resource
FN:252,delete-resource
FN:264,delete-resource-by-name
FN:346,get-or-create-user
FN:269,pay-invoice
FN:335,pay-invoice-by-resource-name
FNF:22
FNH:0
BRF:0
BRH:0
end_of_record

TN:tests/stacks-m2m-v1.test.ts__Adding a resource__add-resource() fails if price is 0
SF:/home/whoabuddy/Dev/stacks-m2m/contracts/src/stacks-m2m-abtc.clar
FN:34,get-contract-owner
FN:37,get-name
FN:40,get-symbol
FN:43,get-decimals
FN:46,get-balance
FN:49,get-total-supply
FN:52,get-token-uri
FN:154,pow-decimals
FN:55,fixed-to-decimals
FN:58,decimals-to-fixed
FN:61,get-total-supply-fixed
FN:64,get-balance-fixed
FN:148,check-is-owner
FN:69,set-contract-owner
FN:74,set-name
FN:79,set-symbol
FN:84,set-decimals
FN:89,set-token-uri
FN:94,add-approved-contract
FN:99,set-approved-contract
FN:104,transfer
FN:151,check-is-approved
FN:111,mint
FN:116,burn
FN:121,transfer-fixed
FN:124,mint-fixed
FN:127,burn-fixed
FN:157,burn-fixed-many-iter
FN:130,burn-fixed-many
FN:136,faucet-drip
FN:139,faucet-drop
FN:142,faucet-flood
FNF:32
FNH:0
BRF:0
BRH:0
end_of_record
TN:tests/stacks-m2m-v1.test.ts__Adding a resource__add-resource() fails if price is 0
SF:/home/whoabuddy/Dev/stacks-m2m/contracts/src/stacks-m2m-trait-v1.clar
FNF:0
FNH:0
BRF:0
BRH:0
end_of_record
TN:tests/stacks-m2m-v1.test.ts__Adding a resource__add-resource() fails if price is 0
SF:/home/whoabuddy/Dev/stacks-m2m/contracts/src/stacks-m2m-v1.clar
FN:118,get-total-users
FN:123,get-user-index
FN:128,get-user-data
FN:133,get-user-data-by-address
FN:138,get-total-resources
FN:143,get-resource-index
FN:148,get-resource
FN:153,get-resource-by-name
FN:158,get-total-invoices
FN:163,get-invoice-index
FN:168,get-invoice
FN:173,get-invoice-by-hash
FN:178,get-recent-payment
FN:186,get-recent-payment-data
FN:191,get-recent-payment-data-by-address
FN:196,get-payment-address
FN:205,get-invoice-hash
FN:380,is-deployer
FN:237,set-payment-address
FN:255,add-resource
FN:290,delete-resource
FN:302,delete-resource-by-name
FN:384,get-or-create-user
FN:307,pay-invoice
FN:373,pay-invoice-by-resource-name
FNDA:1,add-resource
FNDA:1,get-total-resources
FNDA:1,is-deployer
FNF:25
FNH:3
DA:119,0
DA:124,0
DA:129,0
DA:134,0
DA:139,1
DA:144,0
DA:149,0
DA:154,0
DA:159,0
DA:164,0
DA:169,0
DA:174,0
DA:179,0
DA:180,0
DA:181,0
DA:187,0
DA:192,0
DA:197,0
DA:206,0
DA:209,0
DA:210,0
DA:212,0
DA:214,0
DA:215,0
DA:217,0
DA:218,0
DA:219,0
DA:220,0
DA:221,0
DA:223,0
DA:225,0
DA:228,0
DA:238,0
DA:240,0
DA:242,0
DA:244,0
DA:245,0
DA:246,0
DA:247,0
DA:249,0
DA:256,1
DA:258,1
DA:261,1
DA:263,1
DA:264,1
DA:265,1
DA:267,0
DA:269,0
DA:270,0
DA:272,0
DA:273,0
DA:274,0
DA:275,0
DA:276,0
DA:277,0
DA:279,0
DA:281,0
DA:283,0
DA:291,0
DA:293,0
DA:295,0
DA:297,0
DA:303,0
DA:308,0
DA:310,0
DA:311,0
DA:312,0
DA:313,0
DA:314,0
DA:315,0
DA:318,0
DA:320,0
DA:321,0
DA:323,0
DA:324,0
DA:325,0
DA:326,0
DA:327,0
DA:328,0
DA:330,0
DA:332,0
DA:334,0
DA:335,0
DA:337,0
DA:340,0
DA:341,0
DA:342,0
DA:343,0
DA:344,0
DA:348,0
DA:349,0
DA:350,0
DA:351,0
DA:352,0
DA:356,0
DA:358,0
DA:359,0
DA:360,0
DA:361,0
DA:364,0
DA:365,0
DA:366,0
DA:369,0
DA:374,0
DA:381,1
DA:385,0
DA:386,0
DA:387,0
DA:390,0
DA:393,0
DA:395,0
DA:396,0
DA:398,0
DA:399,0
DA:400,0
DA:402,0
DA:404,0
DA:406,0
BRF:23
BRH:1
BRDA:240,560,0,0
BRDA:242,569,0,0
BRDA:245,580,0,0
BRDA:246,580,1,0
BRDA:247,578,0,0
BRDA:263,628,0,0
BRDA:264,637,0,0
BRDA:265,646,0,1
BRDA:267,653,0,0
BRDA:279,661,0,0
BRDA:295,708,0,0
BRDA:295,710,0,0
BRDA:295,710,1,0
BRDA:297,725,0,0
BRDA:318,873,0,0
BRDA:330,881,0,0
BRDA:365,1007,0,0
BRDA:366,1007,1,0
BRDA:381,541,0,0
BRDA:386,756,0,0
BRDA:387,756,1,0
BRDA:393,776,0,0
BRDA:402,784,0,0
end_of_record
TN:tests/stacks-m2m-v1.test.ts__Adding a resource__add-resource() fails if price is 0
SF:/home/whoabuddy/Dev/stacks-m2m/contracts/src/stacks-m2m-v2.clar
FN:121,get-total-users
FN:126,get-user-index
FN:131,get-user-data
FN:136,get-user-data-by-address
FN:141,get-total-resources
FN:146,get-resource-index
FN:151,get-resource
FN:156,get-resource-by-name
FN:161,get-total-invoices
FN:166,get-invoice
FN:171,get-recent-payment
FN:179,get-recent-payment-data
FN:184,get-recent-payment-data-by-address
FN:189,get-payment-address
FN:342,is-deployer
FN:198,set-payment-address
FN:216,add-resource
FN:252,delete-resource
FN:264,delete-resource-by-name
FN:346,get-or-create-user
FN:269,pay-invoice
FN:335,pay-invoice-by-resource-name
FNF:22
FNH:0
BRF:0
BRH:0
end_of_record

TN:tests/stacks-m2m-v1.test.ts__Adding a resource__add-resource() fails if name already used
SF:/home/whoabuddy/Dev/stacks-m2m/contracts/src/stacks-m2m-abtc.clar
FN:34,get-contract-owner
FN:37,get-name
FN:40,get-symbol
FN:43,get-decimals
FN:46,get-balance
FN:49,get-total-supply
FN:52,get-token-uri
FN:154,pow-decimals
FN:55,fixed-to-decimals
FN:58,decimals-to-fixed
FN:61,get-total-supply-fixed
FN:64,get-balance-fixed
FN:148,check-is-owner
FN:69,set-contract-owner
FN:74,set-name
FN:79,set-symbol
FN:84,set-decimals
FN:89,set-token-uri
FN:94,add-approved-contract
FN:99,set-approved-contract
FN:104,transfer
FN:151,check-is-approved
FN:111,mint
FN:116,burn
FN:121,transfer-fixed
FN:124,mint-fixed
FN:127,burn-fixed
FN:157,burn-fixed-many-iter
FN:130,burn-fixed-many
FN:136,faucet-drip
FN:139,faucet-drop
FN:142,faucet-flood
FNF:32
FNH:0
BRF:0
BRH:0
end_of_record
TN:tests/stacks-m2m-v1.test.ts__Adding a resource__add-resource() fails if name already used
SF:/home/whoabuddy/Dev/stacks-m2m/contracts/src/stacks-m2m-trait-v1.clar
FNF:0
FNH:0
BRF:0
BRH:0
end_of_record
TN:tests/stacks-m2m-v1.test.ts__Adding a resource__add-resource() fails if name already used
SF:/home/whoabuddy/Dev/stacks-m2m/contracts/src/stacks-m2m-v1.clar
FN:118,get-total-users
FN:123,get-user-index
FN:128,get-user-data
FN:133,get-user-data-by-address
FN:138,get-total-resources
FN:143,get-resource-index
FN:148,get-resource
FN:153,get-resource-by-name
FN:158,get-total-invoices
FN:163,get-invoice-index
FN:168,get-invoice
FN:173,get-invoice-by-hash
FN:178,get-recent-payment
FN:186,get-recent-payment-data
FN:191,get-recent-payment-data-by-address
FN:196,get-payment-address
FN:205,get-invoice-hash
FN:380,is-deployer
FN:237,set-payment-address
FN:255,add-resource
FN:290,delete-resource
FN:302,delete-resource-by-name
FN:384,get-or-create-user
FN:307,pay-invoice
FN:373,pay-invoice-by-resource-name
FNDA:2,add-resource
FNDA:2,get-total-resources
FNDA:2,is-deployer
FNF:25
FNH:3
DA:119,0
DA:124,0
DA:129,0
DA:134,0
DA:139,2
DA:144,0
DA:149,0
DA:154,0
DA:159,0
DA:164,0
DA:169,0
DA:174,0
DA:179,0
DA:180,0
DA:181,0
DA:187,0
DA:192,0
DA:197,0
DA:206,0
DA:209,0
DA:210,0
DA:212,0
DA:214,0
DA:215,0
DA:217,0
DA:218,0
DA:219,0
DA:220,0
DA:221,0
DA:223,0
DA:225,0
DA:228,0
DA:238,0
DA:240,0
DA:242,0
DA:244,0
DA:245,0
DA:246,0
DA:247,0
DA:249,0
DA:256,2
DA:258,2
DA:261,2
DA:263,2
DA:264,2
DA:265,2
DA:267,2
DA:269,1
DA:270,1
DA:272,1
DA:273,1
DA:274,1
DA:275,1
DA:276,1
DA:277,1
DA:279,0
DA:281,1
DA:283,1
DA:291,0
DA:293,0
DA:295,0
DA:297,0
DA:303,0
DA:308,0
DA:310,0
DA:311,0
DA:312,0
DA:313,0
DA:314,0
DA:315,0
DA:318,0
DA:320,0
DA:321,0
DA:323,0
DA:324,0
DA:325,0
DA:326,0
DA:327,0
DA:328,0
DA:330,0
DA:332,0
DA:334,0
DA:335,0
DA:337,0
DA:340,0
DA:341,0
DA:342,0
DA:343,0
DA:344,0
DA:348,0
DA:349,0
DA:350,0
DA:351,0
DA:352,0
DA:356,0
DA:358,0
DA:359,0
DA:360,0
DA:361,0
DA:364,0
DA:365,0
DA:366,0
DA:369,0
DA:374,0
DA:381,2
DA:385,0
DA:386,0
DA:387,0
DA:390,0
DA:393,0
DA:395,0
DA:396,0
DA:398,0
DA:399,0
DA:400,0
DA:402,0
DA:404,0
DA:406,0
BRF:23
BRH:1
BRDA:240,560,0,0
BRDA:242,569,0,0
BRDA:245,580,0,0
BRDA:246,580,1,0
BRDA:247,578,0,0
BRDA:263,628,0,0
BRDA:264,637,0,0
BRDA:265,646,0,0
BRDA:267,653,0,1
BRDA:279,661,0,0
BRDA:295,708,0,0
BRDA:295,710,0,0
BRDA:295,710,1,0
BRDA:297,725,0,0
BRDA:318,873,0,0
BRDA:330,881,0,0
BRDA:365,1007,0,0
BRDA:366,1007,1,0
BRDA:381,541,0,0
BRDA:386,756,0,0
BRDA:387,756,1,0
BRDA:393,776,0,0
BRDA:402,784,0,0
end_of_record
TN:tests/stacks-m2m-v1.test.ts__Adding a resource__add-resource() fails if name already used
SF:/home/whoabuddy/Dev/stacks-m2m/contracts/src/stacks-m2m-v2.clar
FN:121,get-total-users
FN:126,get-user-index
FN:131,get-user-data
FN:136,get-user-data-by-address
FN:141,get-total-resources
FN:146,get-resource-index
FN:151,get-resource
FN:156,get-resource-by-name
FN:161,get-total-invoices
FN:166,get-invoice
FN:171,get-recent-payment
FN:179,get-recent-payment-data
FN:184,get-recent-payment-data-by-address
FN:189,get-payment-address
FN:342,is-deployer
FN:198,set-payment-address
FN:216,add-resource
FN:252,delete-resource
FN:264,delete-resource-by-name
FN:346,get-or-create-user
FN:269,pay-invoice
FN:335,pay-invoice-by-resource-name
FNF:22
FNH:0
BRF:0
BRH:0
end_of_record

TN:tests/stacks-m2m-v1.test.ts__Adding a resource__add-resource() succeeds and increments resource count
SF:/home/whoabuddy/Dev/stacks-m2m/contracts/src/stacks-m2m-abtc.clar
FN:34,get-contract-owner
FN:37,get-name
FN:40,get-symbol
FN:43,get-decimals
FN:46,get-balance
FN:49,get-total-supply
FN:52,get-token-uri
FN:154,pow-decimals
FN:55,fixed-to-decimals
FN:58,decimals-to-fixed
FN:61,get-total-supply-fixed
FN:64,get-balance-fixed
FN:148,check-is-owner
FN:69,set-contract-owner
FN:74,set-name
FN:79,set-symbol
FN:84,set-decimals
FN:89,set-token-uri
FN:94,add-approved-contract
FN:99,set-approved-contract
FN:104,transfer
FN:151,check-is-approved
FN:111,mint
FN:116,burn
FN:121,transfer-fixed
FN:124,mint-fixed
FN:127,burn-fixed
FN:157,burn-fixed-many-iter
FN:130,burn-fixed-many
FN:136,faucet-drip
FN:139,faucet-drop
FN:142,faucet-flood
FNF:32
FNH:0
BRF:0
BRH:0
end_of_record
TN:tests/stacks-m2m-v1.test.ts__Adding a resource__add-resource() succeeds and increments resource count
SF:/home/whoabuddy/Dev/stacks-m2m/contracts/src/stacks-m2m-trait-v1.clar
FNF:0
FNH:0
BRF:0
BRH:0
end_of_record
TN:tests/stacks-m2m-v1.test.ts__Adding a resource__add-resource() succeeds and increments resource count
SF:/home/whoabuddy/Dev/stacks-m2m/contracts/src/stacks-m2m-v1.clar
FN:118,get-total-users
FN:123,get-user-index
FN:128,get-user-data
FN:133,get-user-data-by-address
FN:138,get-total-resources
FN:143,get-resource-index
FN:148,get-resource
FN:153,get-resource-by-name
FN:158,get-total-invoices
FN:163,get-invoice-index
FN:168,get-invoice
FN:173,get-invoice-by-hash
FN:178,get-recent-payment
FN:186,get-recent-payment-data
FN:191,get-recent-payment-data-by-address
FN:196,get-payment-address
FN:205,get-invoice-hash
FN:380,is-deployer
FN:237,set-payment-address
FN:255,add-resource
FN:290,delete-resource
FN:302,delete-resource-by-name
FN:384,get-or-create-user
FN:307,pay-invoice
FN:373,pay-invoice-by-resource-name
FNDA:1,add-resource
FNDA:3,get-total-resources
FNDA:1,is-deployer
FNF:25
FNH:3
DA:119,0
DA:124,0
DA:129,0
DA:134,0
DA:139,3
DA:144,0
DA:149,0
DA:154,0
DA:159,0
DA:164,0
DA:169,0
DA:174,0
DA:179,0
DA:180,0
DA:181,0
DA:187,0
DA:192,0
DA:197,0
DA:206,0
DA:209,0
DA:210,0
DA:212,0
DA:214,0
DA:215,0
DA:217,0
DA:218,0
DA:219,0
DA:220,0
DA:221,0
DA:223,0
DA:225,0
DA:228,0
DA:238,0
DA:240,0
DA:242,0
DA:244,0
DA:245,0
DA:246,0
DA:247,0
DA:249,0
DA:256,1
DA:258,1
DA:261,1
DA:263,1
DA:264,1
DA:265,1
DA:267,1
DA:269,1
DA:270,1
DA:272,1
DA:273,1
DA:274,1
DA:275,1
DA:276,1
DA:277,1
DA:279,0
DA:281,1
DA:283,1
DA:291,0
DA:293,0
DA:295,0
DA:297,0
DA:303,0
DA:308,0
DA:310,0
DA:311,0
DA:312,0
DA:313,0
DA:314,0
DA:315,0
DA:318,0
DA:320,0
DA:321,0
DA:323,0
DA:324,0
DA:325,0
DA:326,0
DA:327,0
DA:328,0
DA:330,0
DA:332,0
DA:334,0
DA:335,0
DA:337,0
DA:340,0
DA:341,0
DA:342,0
DA:343,0
DA:344,0
DA:348,0
DA:349,0
DA:350,0
DA:351,0
DA:352,0
DA:356,0
DA:358,0
DA:359,0
DA:360,0
DA:361,0
DA:364,0
DA:365,0
DA:366,0
DA:369,0
DA:374,0
DA:381,1
DA:385,0
DA:386,0
DA:387,0
DA:390,0
DA:393,0
DA:395,0
DA:396,0
DA:398,0
DA:399,0
DA:400,0
DA:402,0
DA:404,0
DA:406,0
BRF:23
BRH:0
BRDA:240,560,0,0
BRDA:242,569,0,0
BRDA:245,580,0,0
BRDA:246,580,1,0
BRDA:247,578,0,0
BRDA:263,628,0,0
BRDA:264,637,0,0
BRDA:265,646,0,0
BRDA:267,653,0,0
BRDA:279,661,0,0
BRDA:295,708,0,0
BRDA:295,710,0,0
BRDA:295,710,1,0
BRDA:297,725,0,0
BRDA:318,873,0,0
BRDA:330,881,0,0
BRDA:365,1007,0,0
BRDA:366,1007,1,0
BRDA:381,541,0,0
BRDA:386,756,0,0
BRDA:387,756,1,0
BRDA:393,776,0,0
BRDA:402,784,0,0
end_of_record
TN:tests/stacks-m2m-v1.test.ts__Adding a resource__add-resource() succeeds and increments resource count
SF:/home/whoabuddy/Dev/stacks-m2m/contracts/src/stacks-m2m-v2.clar
FN:121,get-total-users
FN:126,get-user-index
FN:131,get-user-data
FN:136,get-user-data-by-address
FN:141,get-total-resources
FN:146,get-resource-index
FN:151,get-resource
FN:156,get-resource-by-name
FN:161,get-total-invoices
FN:166,get-invoice
FN:171,get-recent-payment
FN:179,get-recent-payment-data
FN:184,get-recent-payment-data-by-address
FN:189,get-payment-address
FN:342,is-deployer
FN:198,set-payment-address
FN:216,add-resource
FN:252,delete-resource
FN:264,delete-resource-by-name
FN:346,get-or-create-user
FN:269,pay-invoice
FN:335,pay-invoice-by-resource-name
FNF:22
FNH:0
BRF:0
BRH:0
end_of_record

TN:tests/stacks-m2m-v1.test.ts__Deleting a Resource__delete-resource() fails if not called by deployer
SF:/home/whoabuddy/Dev/stacks-m2m/contracts/src/stacks-m2m-abtc.clar
FN:34,get-contract-owner
FN:37,get-name
FN:40,get-symbol
FN:43,get-decimals
FN:46,get-balance
FN:49,get-total-supply
FN:52,get-token-uri
FN:154,pow-decimals
FN:55,fixed-to-decimals
FN:58,decimals-to-fixed
FN:61,get-total-supply-fixed
FN:64,get-balance-fixed
FN:148,check-is-owner
FN:69,set-contract-owner
FN:74,set-name
FN:79,set-symbol
FN:84,set-decimals
FN:89,set-token-uri
FN:94,add-approved-contract
FN:99,set-approved-contract
FN:104,transfer
FN:151,check-is-approved
FN:111,mint
FN:116,burn
FN:121,transfer-fixed
FN:124,mint-fixed
FN:127,burn-fixed
FN:157,burn-fixed-many-iter
FN:130,burn-fixed-many
FN:136,faucet-drip
FN:139,faucet-drop
FN:142,faucet-flood
FNF:32
FNH:0
BRF:0
BRH:0
end_of_record
TN:tests/stacks-m2m-v1.test.ts__Deleting a Resource__delete-resource() fails if not called by deployer
SF:/home/whoabuddy/Dev/stacks-m2m/contracts/src/stacks-m2m-trait-v1.clar
FNF:0
FNH:0
BRF:0
BRH:0
end_of_record
TN:tests/stacks-m2m-v1.test.ts__Deleting a Resource__delete-resource() fails if not called by deployer
SF:/home/whoabuddy/Dev/stacks-m2m/contracts/src/stacks-m2m-v1.clar
FN:118,get-total-users
FN:123,get-user-index
FN:128,get-user-data
FN:133,get-user-data-by-address
FN:138,get-total-resources
FN:143,get-resource-index
FN:148,get-resource
FN:153,get-resource-by-name
FN:158,get-total-invoices
FN:163,get-invoice-index
FN:168,get-invoice
FN:173,get-invoice-by-hash
FN:178,get-recent-payment
FN:186,get-recent-payment-data
FN:191,get-recent-payment-data-by-address
FN:196,get-payment-address
FN:205,get-invoice-hash
FN:380,is-deployer
FN:237,set-payment-address
FN:255,add-resource
FN:290,delete-resource
FN:302,delete-resource-by-name
FN:384,get-or-create-user
FN:307,pay-invoice
FN:373,pay-invoice-by-resource-name
FNDA:1,add-resource
FNDA:1,delete-resource
FNDA:1,get-total-resources
FNDA:2,is-deployer
FNF:25
FNH:4
DA:119,0
DA:124,0
DA:129,0
DA:134,0
DA:139,1
DA:144,0
DA:149,0
DA:154,0
DA:159,0
DA:164,0
DA:169,0
DA:174,0
DA:179,0
DA:180,0
DA:181,0
DA:187,0
DA:192,0
DA:197,0
DA:206,0
DA:209,0
DA:210,0
DA:212,0
DA:214,0
DA:215,0
DA:217,0
DA:218,0
DA:219,0
DA:220,0
DA:221,0
DA:223,0
DA:225,0
DA:228,0
DA:238,0
DA:240,0
DA:242,0
DA:244,0
DA:245,0
DA:246,0
DA:247,0
DA:249,0
DA:256,1
DA:258,1
DA:261,1
DA:263,1
DA:264,1
DA:265,1
DA:267,1
DA:269,1
DA:270,1
DA:272,1
DA:273,1
DA:274,1
DA:275,1
DA:276,1
DA:277,1
DA:279,0
DA:281,1
DA:283,1
DA:291,1
DA:293,1
DA:295,0
DA:297,0
DA:303,0
DA:308,0
DA:310,0
DA:311,0
DA:312,0
DA:313,0
DA:314,0
DA:315,0
DA:318,0
DA:320,0
DA:321,0
DA:323,0
DA:324,0
DA:325,0
DA:326,0
DA:327,0
DA:328,0
DA:330,0
DA:332,0
DA:334,0
DA:335,0
DA:337,0
DA:340,0
DA:341,0
DA:342,0
DA:343,0
DA:344,0
DA:348,0
DA:349,0
DA:350,0
DA:351,0
DA:352,0
DA:356,0
DA:358,0
DA:359,0
DA:360,0
DA:361,0
DA:364,0
DA:365,0
DA:366,0
DA:369,0
DA:374,0
DA:381,2
DA:385,0
DA:386,0
DA:387,0
DA:390,0
DA:393,0
DA:395,0
DA:396,0
DA:398,0
DA:399,0
DA:400,0
DA:402,0
DA:404,0
DA:406,0
BRF:23
BRH:1
BRDA:240,560,0,0
BRDA:242,569,0,0
BRDA:245,580,0,0
BRDA:246,580,1,0
BRDA:247,578,0,0
BRDA:263,628,0,0
BRDA:264,637,0,0
BRDA:265,646,0,0
BRDA:267,653,0,0
BRDA:279,661,0,0
BRDA:295,708,0,0
BRDA:295,710,0,0
BRDA:295,710,1,0
BRDA:297,725,0,0
BRDA:318,873,0,0
BRDA:330,881,0,0
BRDA:365,1007,0,0
BRDA:366,1007,1,0
BRDA:381,541,0,1
BRDA:386,756,0,0
BRDA:387,756,1,0
BRDA:393,776,0,0
BRDA:402,784,0,0
end_of_record
TN:tests/stacks-m2m-v1.test.ts__Deleting a Resource__delete-resource() fails if not called by deployer
SF:/home/whoabuddy/Dev/stacks-m2m/contracts/src/stacks-m2m-v2.clar
FN:121,get-total-users
FN:126,get-user-index
FN:131,get-user-data
FN:136,get-user-data-by-address
FN:141,get-total-resources
FN:146,get-resource-index
FN:151,get-resource
FN:156,get-resource-by-name
FN:161,get-total-invoices
FN:166,get-invoice
FN:171,get-recent-payment
FN:179,get-recent-payment-data
FN:184,get-recent-payment-data-by-address
FN:189,get-payment-address
FN:342,is-deployer
FN:198,set-payment-address
FN:216,add-resource
FN:252,delete-resource
FN:264,delete-resource-by-name
FN:346,get-or-create-user
FN:269,pay-invoice
FN:335,pay-invoice-by-resource-name
FNF:22
FNH:0
BRF:0
BRH:0
end_of_record

TN:tests/stacks-m2m-v1.test.ts__Deleting a Resource__delete-resource() fails if provided index is greater than current resource count
SF:/home/whoabuddy/Dev/stacks-m2m/contracts/src/stacks-m2m-abtc.clar
FN:34,get-contract-owner
FN:37,get-name
FN:40,get-symbol
FN:43,get-decimals
FN:46,get-balance
FN:49,get-total-supply
FN:52,get-token-uri
FN:154,pow-decimals
FN:55,fixed-to-decimals
FN:58,decimals-to-fixed
FN:61,get-total-supply-fixed
FN:64,get-balance-fixed
FN:148,check-is-owner
FN:69,set-contract-owner
FN:74,set-name
FN:79,set-symbol
FN:84,set-decimals
FN:89,set-token-uri
FN:94,add-approved-contract
FN:99,set-approved-contract
FN:104,transfer
FN:151,check-is-approved
FN:111,mint
FN:116,burn
FN:121,transfer-fixed
FN:124,mint-fixed
FN:127,burn-fixed
FN:157,burn-fixed-many-iter
FN:130,burn-fixed-many
FN:136,faucet-drip
FN:139,faucet-drop
FN:142,faucet-flood
FNF:32
FNH:0
BRF:0
BRH:0
end_of_record
TN:tests/stacks-m2m-v1.test.ts__Deleting a Resource__delete-resource() fails if provided index is greater than current resource count
SF:/home/whoabuddy/Dev/stacks-m2m/contracts/src/stacks-m2m-trait-v1.clar
FNF:0
FNH:0
BRF:0
BRH:0
end_of_record
TN:tests/stacks-m2m-v1.test.ts__Deleting a Resource__delete-resource() fails if provided index is greater than current resource count
SF:/home/whoabuddy/Dev/stacks-m2m/contracts/src/stacks-m2m-v1.clar
FN:118,get-total-users
FN:123,get-user-index
FN:128,get-user-data
FN:133,get-user-data-by-address
FN:138,get-total-resources
FN:143,get-resource-index
FN:148,get-resource
FN:153,get-resource-by-name
FN:158,get-total-invoices
FN:163,get-invoice-index
FN:168,get-invoice
FN:173,get-invoice-by-hash
FN:178,get-recent-payment
FN:186,get-recent-payment-data
FN:191,get-recent-payment-data-by-address
FN:196,get-payment-address
FN:205,get-invoice-hash
FN:380,is-deployer
FN:237,set-payment-address
FN:255,add-resource
FN:290,delete-resource
FN:302,delete-resource-by-name
FN:384,get-or-create-user
FN:307,pay-invoice
FN:373,pay-invoice-by-resource-name
FNDA:1,delete-resource
FNDA:1,is-deployer
FNF:25
FNH:2
DA:119,0
DA:124,0
DA:129,0
DA:134,0
DA:139,0
DA:144,0
DA:149,0
DA:154,0
DA:159,0
DA:164,0
DA:169,0
DA:174,0
DA:179,0
DA:180,0
DA:181,0
DA:187,0
DA:192,0
DA:197,0
DA:206,0
DA:209,0
DA:210,0
DA:212,0
DA:214,0
DA:215,0
DA:217,0
DA:218,0
DA:219,0
DA:220,0
DA:221,0
DA:223,0
DA:225,0
DA:228,0
DA:238,0
DA:240,0
DA:242,0
DA:244,0
DA:245,0
DA:246,0
DA:247,0
DA:249,0
DA:256,0
DA:258,0
DA:261,0
DA:263,0
DA:264,0
DA:265,0
DA:267,0
DA:269,0
DA:270,0
DA:272,0
DA:273,0
DA:274,0
DA:275,0
DA:276,0
DA:277,0
DA:279,0
DA:281,0
DA:283,0
DA:291,1
DA:293,1
DA:295,1
DA:297,0
DA:303,0
DA:308,0
DA:310,0
DA:311,0
DA:312,0
DA:313,0
DA:314,0
DA:315,0
DA:318,0
DA:320,0
DA:321,0
DA:323,0
DA:324,0
DA:325,0
DA:326,0
DA:327,0
DA:328,0
DA:330,0
DA:332,0
DA:334,0
DA:335,0
DA:337,0
DA:340,0
DA:341,0
DA:342,0
DA:343,0
DA:344,0
DA:348,0
DA:349,0
DA:350,0
DA:351,0
DA:352,0
DA:356,0
DA:358,0
DA:359,0
DA:360,0
DA:361,0
DA:364,0
DA:365,0
DA:366,0
DA:369,0
DA:374,0
DA:381,1
DA:385,0
DA:386,0
DA:387,0
DA:390,0
DA:393,0
DA:395,0
DA:396,0
DA:398,0
DA:399,0
DA:400,0
DA:402,0
DA:404,0
DA:406,0
BRF:23
BRH:3
BRDA:240,560,0,0
BRDA:242,569,0,0
BRDA:245,580,0,0
BRDA:246,580,1,0
BRDA:247,578,0,0
BRDA:263,628,0,0
BRDA:264,637,0,0
BRDA:265,646,0,0
BRDA:267,653,0,0
BRDA:279,661,0,0
BRDA:295,708,0,1
BRDA:295,710,0,1
BRDA:295,710,1,1
BRDA:297,725,0,0
BRDA:318,873,0,0
BRDA:330,881,0,0
BRDA:365,1007,0,0
BRDA:366,1007,1,0
BRDA:381,541,0,0
BRDA:386,756,0,0
BRDA:387,756,1,0
BRDA:393,776,0,0
BRDA:402,784,0,0
end_of_record
TN:tests/stacks-m2m-v1.test.ts__Deleting a Resource__delete-resource() fails if provided index is greater than current resource count
SF:/home/whoabuddy/Dev/stacks-m2m/contracts/src/stacks-m2m-v2.clar
FN:121,get-total-users
FN:126,get-user-index
FN:131,get-user-data
FN:136,get-user-data-by-address
FN:141,get-total-resources
FN:146,get-resource-index
FN:151,get-resource
FN:156,get-resource-by-name
FN:161,get-total-invoices
FN:166,get-invoice
FN:171,get-recent-payment
FN:179,get-recent-payment-data
FN:184,get-recent-payment-data-by-address
FN:189,get-payment-address
FN:342,is-deployer
FN:198,set-payment-address
FN:216,add-resource
FN:252,delete-resource
FN:264,delete-resource-by-name
FN:346,get-or-create-user
FN:269,pay-invoice
FN:335,pay-invoice-by-resource-name
FNF:22
FNH:0
BRF:0
BRH:0
end_of_record

TN:tests/stacks-m2m-v1.test.ts__Deleting a Resource__delete-resource() fails if executed twice on the same resource
SF:/home/whoabuddy/Dev/stacks-m2m/contracts/src/stacks-m2m-abtc.clar
FN:34,get-contract-owner
FN:37,get-name
FN:40,get-symbol
FN:43,get-decimals
FN:46,get-balance
FN:49,get-total-supply
FN:52,get-token-uri
FN:154,pow-decimals
FN:55,fixed-to-decimals
FN:58,decimals-to-fixed
FN:61,get-total-supply-fixed
FN:64,get-balance-fixed
FN:148,check-is-owner
FN:69,set-contract-owner
FN:74,set-name
FN:79,set-symbol
FN:84,set-decimals
FN:89,set-token-uri
FN:94,add-approved-contract
FN:99,set-approved-contract
FN:104,transfer
FN:151,check-is-approved
FN:111,mint
FN:116,burn
FN:121,transfer-fixed
FN:124,mint-fixed
FN:127,burn-fixed
FN:157,burn-fixed-many-iter
FN:130,burn-fixed-many
FN:136,faucet-drip
FN:139,faucet-drop
FN:142,faucet-flood
FNF:32
FNH:0
BRF:0
BRH:0
end_of_record
TN:tests/stacks-m2m-v1.test.ts__Deleting a Resource__delete-resource() fails if executed twice on the same resource
SF:/home/whoabuddy/Dev/stacks-m2m/contracts/src/stacks-m2m-trait-v1.clar
FNF:0
FNH:0
BRF:0
BRH:0
end_of_record
TN:tests/stacks-m2m-v1.test.ts__Deleting a Resource__delete-resource() fails if executed twice on the same resource
SF:/home/whoabuddy/Dev/stacks-m2m/contracts/src/stacks-m2m-v1.clar
FN:118,get-total-users
FN:123,get-user-index
FN:128,get-user-data
FN:133,get-user-data-by-address
FN:138,get-total-resources
FN:143,get-resource-index
FN:148,get-resource
FN:153,get-resource-by-name
FN:158,get-total-invoices
FN:163,get-invoice-index
FN:168,get-invoice
FN:173,get-invoice-by-hash
FN:178,get-recent-payment
FN:186,get-recent-payment-data
FN:191,get-recent-payment-data-by-address
FN:196,get-payment-address
FN:205,get-invoice-hash
FN:380,is-deployer
FN:237,set-payment-address
FN:255,add-resource
FN:290,delete-resource
FN:302,delete-resource-by-name
FN:384,get-or-create-user
FN:307,pay-invoice
FN:373,pay-invoice-by-resource-name
FNDA:1,add-resource
FNDA:2,delete-resource
FNDA:1,get-total-resources
FNDA:3,is-deployer
FNF:25
FNH:4
DA:119,0
DA:124,0
DA:129,0
DA:134,0
DA:139,1
DA:144,0
DA:149,0
DA:154,0
DA:159,0
DA:164,0
DA:169,0
DA:174,0
DA:179,0
DA:180,0
DA:181,0
DA:187,0
DA:192,0
DA:197,0
DA:206,0
DA:209,0
DA:210,0
DA:212,0
DA:214,0
DA:215,0
DA:217,0
DA:218,0
DA:219,0
DA:220,0
DA:221,0
DA:223,0
DA:225,0
DA:228,0
DA:238,0
DA:240,0
DA:242,0
DA:244,0
DA:245,0
DA:246,0
DA:247,0
DA:249,0
DA:256,1
DA:258,1
DA:261,1
DA:263,1
DA:264,1
DA:265,1
DA:267,1
DA:269,1
DA:270,1
DA:272,1
DA:273,1
DA:274,1
DA:275,1
DA:276,1
DA:277,1
DA:279,0
DA:281,1
DA:283,1
DA:291,2
DA:293,2
DA:295,2
DA:297,2
DA:303,0
DA:308,0
DA:310,0
DA:311,0
DA:312,0
DA:313,0
DA:314,0
DA:315,0
DA:318,0
DA:320,0
DA:321,0
DA:323,0
DA:324,0
DA:325,0
DA:326,0
DA:327,0
DA:328,0
DA:330,0
DA:332,0
DA:334,0
DA:335,0
DA:337,0
DA:340,0
DA:341,0
DA:342,0
DA:343,0
DA:344,0
DA:348,0
DA:349,0
DA:350,0
DA:351,0
DA:352,0
DA:356,0
DA:358,0
DA:359,0
DA:360,0
DA:361,0
DA:364,0
DA:365,0
DA:366,0
DA:369,0
DA:374,0
DA:381,3
DA:385,0
DA:386,0
DA:387,0
DA:390,0
DA:393,0
DA:395,0
DA:396,0
DA:398,0
DA:399,0
DA:400,0
DA:402,0
DA:404,0
DA:406,0
BRF:23
BRH:3
BRDA:240,560,0,0
BRDA:242,569,0,0
BRDA:245,580,0,0
BRDA:246,580,1,0
BRDA:247,578,0,0
BRDA:263,628,0,0
BRDA:264,637,0,0
BRDA:265,646,0,0
BRDA:267,653,0,0
BRDA:279,661,0,0
BRDA:295,708,0,0
BRDA:295,710,0,2
BRDA:295,710,1,2
BRDA:297,725,0,1
BRDA:318,873,0,0
BRDA:330,881,0,0
BRDA:365,1007,0,0
BRDA:366,1007,1,0
BRDA:381,541,0,0
BRDA:386,756,0,0
BRDA:387,756,1,0
BRDA:393,776,0,0
BRDA:402,784,0,0
end_of_record
TN:tests/stacks-m2m-v1.test.ts__Deleting a Resource__delete-resource() fails if executed twice on the same resource
SF:/home/whoabuddy/Dev/stacks-m2m/contracts/src/stacks-m2m-v2.clar
FN:121,get-total-users
FN:126,get-user-index
FN:131,get-user-data
FN:136,get-user-data-by-address
FN:141,get-total-resources
FN:146,get-resource-index
FN:151,get-resource
FN:156,get-resource-by-name
FN:161,get-total-invoices
FN:166,get-invoice
FN:171,get-recent-payment
FN:179,get-recent-payment-data
FN:184,get-recent-payment-data-by-address
FN:189,get-payment-address
FN:342,is-deployer
FN:198,set-payment-address
FN:216,add-resource
FN:252,delete-resource
FN:264,delete-resource-by-name
FN:346,get-or-create-user
FN:269,pay-invoice
FN:335,pay-invoice-by-resource-name
FNF:22
FNH:0
BRF:0
BRH:0
end_of_record

TN:tests/stacks-m2m-v1.test.ts__Deleting a Resource__delete-resource-by-name() fails if not called by deployer
SF:/home/whoabuddy/Dev/stacks-m2m/contracts/src/stacks-m2m-abtc.clar
FN:34,get-contract-owner
FN:37,get-name
FN:40,get-symbol
FN:43,get-decimals
FN:46,get-balance
FN:49,get-total-supply
FN:52,get-token-uri
FN:154,pow-decimals
FN:55,fixed-to-decimals
FN:58,decimals-to-fixed
FN:61,get-total-supply-fixed
FN:64,get-balance-fixed
FN:148,check-is-owner
FN:69,set-contract-owner
FN:74,set-name
FN:79,set-symbol
FN:84,set-decimals
FN:89,set-token-uri
FN:94,add-approved-contract
FN:99,set-approved-contract
FN:104,transfer
FN:151,check-is-approved
FN:111,mint
FN:116,burn
FN:121,transfer-fixed
FN:124,mint-fixed
FN:127,burn-fixed
FN:157,burn-fixed-many-iter
FN:130,burn-fixed-many
FN:136,faucet-drip
FN:139,faucet-drop
FN:142,faucet-flood
FNF:32
FNH:0
BRF:0
BRH:0
end_of_record
TN:tests/stacks-m2m-v1.test.ts__Deleting a Resource__delete-resource-by-name() fails if not called by deployer
SF:/home/whoabuddy/Dev/stacks-m2m/contracts/src/stacks-m2m-trait-v1.clar
FNF:0
FNH:0
BRF:0
BRH:0
end_of_record
TN:tests/stacks-m2m-v1.test.ts__Deleting a Resource__delete-resource-by-name() fails if not called by deployer
SF:/home/whoabuddy/Dev/stacks-m2m/contracts/src/stacks-m2m-v1.clar
FN:118,get-total-users
FN:123,get-user-index
FN:128,get-user-data
FN:133,get-user-data-by-address
FN:138,get-total-resources
FN:143,get-resource-index
FN:148,get-resource
FN:153,get-resource-by-name
FN:158,get-total-invoices
FN:163,get-invoice-index
FN:168,get-invoice
FN:173,get-invoice-by-hash
FN:178,get-recent-payment
FN:186,get-recent-payment-data
FN:191,get-recent-payment-data-by-address
FN:196,get-payment-address
FN:205,get-invoice-hash
FN:380,is-deployer
FN:237,set-payment-address
FN:255,add-resource
FN:290,delete-resource
FN:302,delete-resource-by-name
FN:384,get-or-create-user
FN:307,pay-invoice
FN:373,pay-invoice-by-resource-name
FNDA:1,add-resource
FNDA:1,delete-resource
FNDA:1,delete-resource-by-name
FNDA:1,get-resource-index
FNDA:1,get-total-resources
FNDA:2,is-deployer
FNF:25
FNH:6
DA:119,0
DA:124,0
DA:129,0
DA:134,0
DA:139,1
DA:144,1
DA:149,0
DA:154,0
DA:159,0
DA:164,0
DA:169,0
DA:174,0
DA:179,0
DA:180,0
DA:181,0
DA:187,0
DA:192,0
DA:197,0
DA:206,0
DA:209,0
DA:210,0
DA:212,0
DA:214,0
DA:215,0
DA:217,0
DA:218,0
DA:219,0
DA:220,0
DA:221,0
DA:223,0
DA:225,0
DA:228,0
DA:238,0
DA:240,0
DA:242,0
DA:244,0
DA:245,0
DA:246,0
DA:247,0
DA:249,0
DA:256,1
DA:258,1
DA:261,1
DA:263,1
DA:264,1
DA:265,1
DA:267,1
DA:269,1
DA:270,1
DA:272,1
DA:273,1
DA:274,1
DA:275,1
DA:276,1
DA:277,1
DA:279,0
DA:281,1
DA:283,1
DA:291,1
DA:293,1
DA:295,0
DA:297,0
DA:303,1
DA:308,0
DA:310,0
DA:311,0
DA:312,0
DA:313,0
DA:314,0
DA:315,0
DA:318,0
DA:320,0
DA:321,0
DA:323,0
DA:324,0
DA:325,0
DA:326,0
DA:327,0
DA:328,0
DA:330,0
DA:332,0
DA:334,0
DA:335,0
DA:337,0
DA:340,0
DA:341,0
DA:342,0
DA:343,0
DA:344,0
DA:348,0
DA:349,0
DA:350,0
DA:351,0
DA:352,0
DA:356,0
DA:358,0
DA:359,0
DA:360,0
DA:361,0
DA:364,0
DA:365,0
DA:366,0
DA:369,0
DA:374,0
DA:381,2
DA:385,0
DA:386,0
DA:387,0
DA:390,0
DA:393,0
DA:395,0
DA:396,0
DA:398,0
DA:399,0
DA:400,0
DA:402,0
DA:404,0
DA:406,0
BRF:23
BRH:1
BRDA:240,560,0,0
BRDA:242,569,0,0
BRDA:245,580,0,0
BRDA:246,580,1,0
BRDA:247,578,0,0
BRDA:263,628,0,0
BRDA:264,637,0,0
BRDA:265,646,0,0
BRDA:267,653,0,0
BRDA:279,661,0,0
BRDA:295,708,0,0
BRDA:295,710,0,0
BRDA:295,710,1,0
BRDA:297,725,0,0
BRDA:318,873,0,0
BRDA:330,881,0,0
BRDA:365,1007,0,0
BRDA:366,1007,1,0
BRDA:381,541,0,1
BRDA:386,756,0,0
BRDA:387,756,1,0
BRDA:393,776,0,0
BRDA:402,784,0,0
end_of_record
TN:tests/stacks-m2m-v1.test.ts__Deleting a Resource__delete-resource-by-name() fails if not called by deployer
SF:/home/whoabuddy/Dev/stacks-m2m/contracts/src/stacks-m2m-v2.clar
FN:121,get-total-users
FN:126,get-user-index
FN:131,get-user-data
FN:136,get-user-data-by-address
FN:141,get-total-resources
FN:146,get-resource-index
FN:151,get-resource
FN:156,get-resource-by-name
FN:161,get-total-invoices
FN:166,get-invoice
FN:171,get-recent-payment
FN:179,get-recent-payment-data
FN:184,get-recent-payment-data-by-address
FN:189,get-payment-address
FN:342,is-deployer
FN:198,set-payment-address
FN:216,add-resource
FN:252,delete-resource
FN:264,delete-resource-by-name
FN:346,get-or-create-user
FN:269,pay-invoice
FN:335,pay-invoice-by-resource-name
FNF:22
FNH:0
BRF:0
BRH:0
end_of_record

TN:tests/stacks-m2m-v1.test.ts__Deleting a Resource__delete-resource-by-name() fails if provided name is not found
SF:/home/whoabuddy/Dev/stacks-m2m/contracts/src/stacks-m2m-abtc.clar
FN:34,get-contract-owner
FN:37,get-name
FN:40,get-symbol
FN:43,get-decimals
FN:46,get-balance
FN:49,get-total-supply
FN:52,get-token-uri
FN:154,pow-decimals
FN:55,fixed-to-decimals
FN:58,decimals-to-fixed
FN:61,get-total-supply-fixed
FN:64,get-balance-fixed
FN:148,check-is-owner
FN:69,set-contract-owner
FN:74,set-name
FN:79,set-symbol
FN:84,set-decimals
FN:89,set-token-uri
FN:94,add-approved-contract
FN:99,set-approved-contract
FN:104,transfer
FN:151,check-is-approved
FN:111,mint
FN:116,burn
FN:121,transfer-fixed
FN:124,mint-fixed
FN:127,burn-fixed
FN:157,burn-fixed-many-iter
FN:130,burn-fixed-many
FN:136,faucet-drip
FN:139,faucet-drop
FN:142,faucet-flood
FNF:32
FNH:0
BRF:0
BRH:0
end_of_record
TN:tests/stacks-m2m-v1.test.ts__Deleting a Resource__delete-resource-by-name() fails if provided name is not found
SF:/home/whoabuddy/Dev/stacks-m2m/contracts/src/stacks-m2m-trait-v1.clar
FNF:0
FNH:0
BRF:0
BRH:0
end_of_record
TN:tests/stacks-m2m-v1.test.ts__Deleting a Resource__delete-resource-by-name() fails if provided name is not found
SF:/home/whoabuddy/Dev/stacks-m2m/contracts/src/stacks-m2m-v1.clar
FN:118,get-total-users
FN:123,get-user-index
FN:128,get-user-data
FN:133,get-user-data-by-address
FN:138,get-total-resources
FN:143,get-resource-index
FN:148,get-resource
FN:153,get-resource-by-name
FN:158,get-total-invoices
FN:163,get-invoice-index
FN:168,get-invoice
FN:173,get-invoice-by-hash
FN:178,get-recent-payment
FN:186,get-recent-payment-data
FN:191,get-recent-payment-data-by-address
FN:196,get-payment-address
FN:205,get-invoice-hash
FN:380,is-deployer
FN:237,set-payment-address
FN:255,add-resource
FN:290,delete-resource
FN:302,delete-resource-by-name
FN:384,get-or-create-user
FN:307,pay-invoice
FN:373,pay-invoice-by-resource-name
FNDA:1,delete-resource-by-name
FNDA:1,get-resource-index
FNF:25
FNH:2
DA:119,0
DA:124,0
DA:129,0
DA:134,0
DA:139,0
DA:144,1
DA:149,0
DA:154,0
DA:159,0
DA:164,0
DA:169,0
DA:174,0
DA:179,0
DA:180,0
DA:181,0
DA:187,0
DA:192,0
DA:197,0
DA:206,0
DA:209,0
DA:210,0
DA:212,0
DA:214,0
DA:215,0
DA:217,0
DA:218,0
DA:219,0
DA:220,0
DA:221,0
DA:223,0
DA:225,0
DA:228,0
DA:238,0
DA:240,0
DA:242,0
DA:244,0
DA:245,0
DA:246,0
DA:247,0
DA:249,0
DA:256,0
DA:258,0
DA:261,0
DA:263,0
DA:264,0
DA:265,0
DA:267,0
DA:269,0
DA:270,0
DA:272,0
DA:273,0
DA:274,0
DA:275,0
DA:276,0
DA:277,0
DA:279,0
DA:281,0
DA:283,0
DA:291,0
DA:293,0
DA:295,0
DA:297,0
DA:303,1
DA:308,0
DA:310,0
DA:311,0
DA:312,0
DA:313,0
DA:314,0
DA:315,0
DA:318,0
DA:320,0
DA:321,0
DA:323,0
DA:324,0
DA:325,0
DA:326,0
DA:327,0
DA:328,0
DA:330,0
DA:332,0
DA:334,0
DA:335,0
DA:337,0
DA:340,0
DA:341,0
DA:342,0
DA:343,0
DA:344,0
DA:348,0
DA:349,0
DA:350,0
DA:351,0
DA:352,0
DA:356,0
DA:358,0
DA:359,0
DA:360,0
DA:361,0
DA:364,0
DA:365,0
DA:366,0
DA:369,0
DA:374,0
DA:381,0
DA:385,0
DA:386,0
DA:387,0
DA:390,0
DA:393,0
DA:395,0
DA:396,0
DA:398,0
DA:399,0
DA:400,0
DA:402,0
DA:404,0
DA:406,0
BRF:23
BRH:0
BRDA:240,560,0,0
BRDA:242,569,0,0
BRDA:245,580,0,0
BRDA:246,580,1,0
BRDA:247,578,0,0
BRDA:263,628,0,0
BRDA:264,637,0,0
BRDA:265,646,0,0
BRDA:267,653,0,0
BRDA:279,661,0,0
BRDA:295,708,0,0
BRDA:295,710,0,0
BRDA:295,710,1,0
BRDA:297,725,0,0
BRDA:318,873,0,0
BRDA:330,881,0,0
BRDA:365,1007,0,0
BRDA:366,1007,1,0
BRDA:381,541,0,0
BRDA:386,756,0,0
BRDA:387,756,1,0
BRDA:393,776,0,0
BRDA:402,784,0,0
end_of_record
TN:tests/stacks-m2m-v1.test.ts__Deleting a Resource__delete-resource-by-name() fails if provided name is not found
SF:/home/whoabuddy/Dev/stacks-m2m/contracts/src/stacks-m2m-v2.clar
FN:121,get-total-users
FN:126,get-user-index
FN:131,get-user-data
FN:136,get-user-data-by-address
FN:141,get-total-resources
FN:146,get-resource-index
FN:151,get-resource
FN:156,get-resource-by-name
FN:161,get-total-invoices
FN:166,get-invoice
FN:171,get-recent-payment
FN:179,get-recent-payment-data
FN:184,get-recent-payment-data-by-address
FN:189,get-payment-address
FN:342,is-deployer
FN:198,set-payment-address
FN:216,add-resource
FN:252,delete-resource
FN:264,delete-resource-by-name
FN:346,get-or-create-user
FN:269,pay-invoice
FN:335,pay-invoice-by-resource-name
FNF:22
FNH:0
BRF:0
BRH:0
end_of_record

TN:tests/stacks-m2m-v1.test.ts__Deleting a Resource__pay-invoice() fails for a deleted resource
SF:/home/whoabuddy/Dev/stacks-m2m/contracts/src/stacks-m2m-abtc.clar
FN:34,get-contract-owner
FN:37,get-name
FN:40,get-symbol
FN:43,get-decimals
FN:46,get-balance
FN:49,get-total-supply
FN:52,get-token-uri
FN:154,pow-decimals
FN:55,fixed-to-decimals
FN:58,decimals-to-fixed
FN:61,get-total-supply-fixed
FN:64,get-balance-fixed
FN:148,check-is-owner
FN:69,set-contract-owner
FN:74,set-name
FN:79,set-symbol
FN:84,set-decimals
FN:89,set-token-uri
FN:94,add-approved-contract
FN:99,set-approved-contract
FN:104,transfer
FN:151,check-is-approved
FN:111,mint
FN:116,burn
FN:121,transfer-fixed
FN:124,mint-fixed
FN:127,burn-fixed
FN:157,burn-fixed-many-iter
FN:130,burn-fixed-many
FN:136,faucet-drip
FN:139,faucet-drop
FN:142,faucet-flood
FNF:32
FNH:0
BRF:0
BRH:0
end_of_record
TN:tests/stacks-m2m-v1.test.ts__Deleting a Resource__pay-invoice() fails for a deleted resource
SF:/home/whoabuddy/Dev/stacks-m2m/contracts/src/stacks-m2m-trait-v1.clar
FNF:0
FNH:0
BRF:0
BRH:0
end_of_record
TN:tests/stacks-m2m-v1.test.ts__Deleting a Resource__pay-invoice() fails for a deleted resource
SF:/home/whoabuddy/Dev/stacks-m2m/contracts/src/stacks-m2m-v1.clar
FN:118,get-total-users
FN:123,get-user-index
FN:128,get-user-data
FN:133,get-user-data-by-address
FN:138,get-total-resources
FN:143,get-resource-index
FN:148,get-resource
FN:153,get-resource-by-name
FN:158,get-total-invoices
FN:163,get-invoice-index
FN:168,get-invoice
FN:173,get-invoice-by-hash
FN:178,get-recent-payment
FN:186,get-recent-payment-data
FN:191,get-recent-payment-data-by-address
FN:196,get-payment-address
FN:205,get-invoice-hash
FN:380,is-deployer
FN:237,set-payment-address
FN:255,add-resource
FN:290,delete-resource
FN:302,delete-resource-by-name
FN:384,get-or-create-user
FN:307,pay-invoice
FN:373,pay-invoice-by-resource-name
FNDA:1,add-resource
FNDA:1,delete-resource
FNDA:1,get-resource
FNDA:1,get-total-invoices
FNDA:1,get-total-resources
FNDA:2,is-deployer
FNDA:1,pay-invoice
FNF:25
FNH:7
DA:119,0
DA:124,0
DA:129,0
DA:134,0
DA:139,1
DA:144,0
DA:149,1
DA:154,0
DA:159,1
DA:164,0
DA:169,0
DA:174,0
DA:179,0
DA:180,0
DA:181,0
DA:187,0
DA:192,0
DA:197,0
DA:206,0
DA:209,0
DA:210,0
DA:212,0
DA:214,0
DA:215,0
DA:217,0
DA:218,0
DA:219,0
DA:220,0
DA:221,0
DA:223,0
DA:225,0
DA:228,0
DA:238,0
DA:240,0
DA:242,0
DA:244,0
DA:245,0
DA:246,0
DA:247,0
DA:249,0
DA:256,1
DA:258,1
DA:261,1
DA:263,1
DA:264,1
DA:265,1
DA:267,1
DA:269,1
DA:270,1
DA:272,1
DA:273,1
DA:274,1
DA:275,1
DA:276,1
DA:277,1
DA:279,0
DA:281,1
DA:283,1
DA:291,1
DA:293,1
DA:295,1
DA:297,1
DA:303,0
DA:308,1
DA:310,1
DA:311,1
DA:312,1
DA:313,0
DA:314,0
DA:315,0
DA:318,0
DA:320,0
DA:321,0
DA:323,0
DA:324,0
DA:325,0
DA:326,0
DA:327,0
DA:328,0
DA:330,0
DA:332,0
DA:334,0
DA:335,0
DA:337,0
DA:340,0
DA:341,0
DA:342,0
DA:343,0
DA:344,0
DA:348,0
DA:349,0
DA:350,0
DA:351,0
DA:352,0
DA:356,0
DA:358,0
DA:359,0
DA:360,0
DA:361,0
DA:364,0
DA:365,0
DA:366,0
DA:369,0
DA:374,0
DA:381,2
DA:385,0
DA:386,0
DA:387,0
DA:390,0
DA:393,0
DA:395,0
DA:396,0
DA:398,0
DA:399,0
DA:400,0
DA:402,0
DA:404,0
DA:406,0
BRF:23
BRH:2
BRDA:240,560,0,0
BRDA:242,569,0,0
BRDA:245,580,0,0
BRDA:246,580,1,0
BRDA:247,578,0,0
BRDA:263,628,0,0
BRDA:264,637,0,0
BRDA:265,646,0,0
BRDA:267,653,0,0
BRDA:279,661,0,0
BRDA:295,708,0,0
BRDA:295,710,0,1
BRDA:295,710,1,1
BRDA:297,725,0,0
BRDA:318,873,0,0
BRDA:330,881,0,0
BRDA:365,1007,0,0
BRDA:366,1007,1,0
BRDA:381,541,0,0
BRDA:386,756,0,0
BRDA:387,756,1,0
BRDA:393,776,0,0
BRDA:402,784,0,0
end_of_record
TN:tests/stacks-m2m-v1.test.ts__Deleting a Resource__pay-invoice() fails for a deleted resource
SF:/home/whoabuddy/Dev/stacks-m2m/contracts/src/stacks-m2m-v2.clar
FN:121,get-total-users
FN:126,get-user-index
FN:131,get-user-data
FN:136,get-user-data-by-address
FN:141,get-total-resources
FN:146,get-resource-index
FN:151,get-resource
FN:156,get-resource-by-name
FN:161,get-total-invoices
FN:166,get-invoice
FN:171,get-recent-payment
FN:179,get-recent-payment-data
FN:184,get-recent-payment-data-by-address
FN:189,get-payment-address
FN:342,is-deployer
FN:198,set-payment-address
FN:216,add-resource
FN:252,delete-resource
FN:264,delete-resource-by-name
FN:346,get-or-create-user
FN:269,pay-invoice
FN:335,pay-invoice-by-resource-name
FNF:22
FNH:0
BRF:0
BRH:0
end_of_record

TN:tests/stacks-m2m-v1.test.ts__Setting a Payment Address__set-payment-address() fails if not called by deployer
SF:/home/whoabuddy/Dev/stacks-m2m/contracts/src/stacks-m2m-abtc.clar
FN:34,get-contract-owner
FN:37,get-name
FN:40,get-symbol
FN:43,get-decimals
FN:46,get-balance
FN:49,get-total-supply
FN:52,get-token-uri
FN:154,pow-decimals
FN:55,fixed-to-decimals
FN:58,decimals-to-fixed
FN:61,get-total-supply-fixed
FN:64,get-balance-fixed
FN:148,check-is-owner
FN:69,set-contract-owner
FN:74,set-name
FN:79,set-symbol
FN:84,set-decimals
FN:89,set-token-uri
FN:94,add-approved-contract
FN:99,set-approved-contract
FN:104,transfer
FN:151,check-is-approved
FN:111,mint
FN:116,burn
FN:121,transfer-fixed
FN:124,mint-fixed
FN:127,burn-fixed
FN:157,burn-fixed-many-iter
FN:130,burn-fixed-many
FN:136,faucet-drip
FN:139,faucet-drop
FN:142,faucet-flood
FNF:32
FNH:0
BRF:0
BRH:0
end_of_record
TN:tests/stacks-m2m-v1.test.ts__Setting a Payment Address__set-payment-address() fails if not called by deployer
SF:/home/whoabuddy/Dev/stacks-m2m/contracts/src/stacks-m2m-trait-v1.clar
FNF:0
FNH:0
BRF:0
BRH:0
end_of_record
TN:tests/stacks-m2m-v1.test.ts__Setting a Payment Address__set-payment-address() fails if not called by deployer
SF:/home/whoabuddy/Dev/stacks-m2m/contracts/src/stacks-m2m-v1.clar
FN:118,get-total-users
FN:123,get-user-index
FN:128,get-user-data
FN:133,get-user-data-by-address
FN:138,get-total-resources
FN:143,get-resource-index
FN:148,get-resource
FN:153,get-resource-by-name
FN:158,get-total-invoices
FN:163,get-invoice-index
FN:168,get-invoice
FN:173,get-invoice-by-hash
FN:178,get-recent-payment
FN:186,get-recent-payment-data
FN:191,get-recent-payment-data-by-address
FN:196,get-payment-address
FN:205,get-invoice-hash
FN:380,is-deployer
FN:237,set-payment-address
FN:255,add-resource
FN:290,delete-resource
FN:302,delete-resource-by-name
FN:384,get-or-create-user
FN:307,pay-invoice
FN:373,pay-invoice-by-resource-name
FNDA:1,get-payment-address
FNDA:1,is-deployer
FNDA:1,set-payment-address
FNF:25
FNH:3
DA:119,0
DA:124,0
DA:129,0
DA:134,0
DA:139,0
DA:144,0
DA:149,0
DA:154,0
DA:159,0
DA:164,0
DA:169,0
DA:174,0
DA:179,0
DA:180,0
DA:181,0
DA:187,0
DA:192,0
DA:197,1
DA:206,0
DA:209,0
DA:210,0
DA:212,0
DA:214,0
DA:215,0
DA:217,0
DA:218,0
DA:219,0
DA:220,0
DA:221,0
DA:223,0
DA:225,0
DA:228,0
DA:238,1
DA:240,1
DA:242,1
DA:244,1
DA:245,1
DA:246,1
DA:247,0
DA:249,0
DA:256,0
DA:258,0
DA:261,0
DA:263,0
DA:264,0
DA:265,0
DA:267,0
DA:269,0
DA:270,0
DA:272,0
DA:273,0
DA:274,0
DA:275,0
DA:276,0
DA:277,0
DA:279,0
DA:281,0
DA:283,0
DA:291,0
DA:293,0
DA:295,0
DA:297,0
DA:303,0
DA:308,0
DA:310,0
DA:311,0
DA:312,0
DA:313,0
DA:314,0
DA:315,0
DA:318,0
DA:320,0
DA:321,0
DA:323,0
DA:324,0
DA:325,0
DA:326,0
DA:327,0
DA:328,0
DA:330,0
DA:332,0
DA:334,0
DA:335,0
DA:337,0
DA:340,0
DA:341,0
DA:342,0
DA:343,0
DA:344,0
DA:348,0
DA:349,0
DA:350,0
DA:351,0
DA:352,0
DA:356,0
DA:358,0
DA:359,0
DA:360,0
DA:361,0
DA:364,0
DA:365,0
DA:366,0
DA:369,0
DA:374,0
DA:381,1
DA:385,0
DA:386,0
DA:387,0
DA:390,0
DA:393,0
DA:395,0
DA:396,0
DA:398,0
DA:399,0
DA:400,0
DA:402,0
DA:404,0
DA:406,0
BRF:23
BRH:3
BRDA:240,560,0,0
BRDA:242,569,0,0
BRDA:245,580,0,1
BRDA:246,580,1,1
BRDA:247,578,0,0
BRDA:263,628,0,0
BRDA:264,637,0,0
BRDA:265,646,0,0
BRDA:267,653,0,0
BRDA:279,661,0,0
BRDA:295,708,0,0
BRDA:295,710,0,0
BRDA:295,710,1,0
BRDA:297,725,0,0
BRDA:318,873,0,0
BRDA:330,881,0,0
BRDA:365,1007,0,0
BRDA:366,1007,1,0
BRDA:381,541,0,1
BRDA:386,756,0,0
BRDA:387,756,1,0
BRDA:393,776,0,0
BRDA:402,784,0,0
end_of_record
TN:tests/stacks-m2m-v1.test.ts__Setting a Payment Address__set-payment-address() fails if not called by deployer
SF:/home/whoabuddy/Dev/stacks-m2m/contracts/src/stacks-m2m-v2.clar
FN:121,get-total-users
FN:126,get-user-index
FN:131,get-user-data
FN:136,get-user-data-by-address
FN:141,get-total-resources
FN:146,get-resource-index
FN:151,get-resource
FN:156,get-resource-by-name
FN:161,get-total-invoices
FN:166,get-invoice
FN:171,get-recent-payment
FN:179,get-recent-payment-data
FN:184,get-recent-payment-data-by-address
FN:189,get-payment-address
FN:342,is-deployer
FN:198,set-payment-address
FN:216,add-resource
FN:252,delete-resource
FN:264,delete-resource-by-name
FN:346,get-or-create-user
FN:269,pay-invoice
FN:335,pay-invoice-by-resource-name
FNF:22
FNH:0
BRF:0
BRH:0
end_of_record

TN:tests/stacks-m2m-v1.test.ts__Setting a Payment Address__set-payment-address() fails if old address param is incorrect
SF:/home/whoabuddy/Dev/stacks-m2m/contracts/src/stacks-m2m-abtc.clar
FN:34,get-contract-owner
FN:37,get-name
FN:40,get-symbol
FN:43,get-decimals
FN:46,get-balance
FN:49,get-total-supply
FN:52,get-token-uri
FN:154,pow-decimals
FN:55,fixed-to-decimals
FN:58,decimals-to-fixed
FN:61,get-total-supply-fixed
FN:64,get-balance-fixed
FN:148,check-is-owner
FN:69,set-contract-owner
FN:74,set-name
FN:79,set-symbol
FN:84,set-decimals
FN:89,set-token-uri
FN:94,add-approved-contract
FN:99,set-approved-contract
FN:104,transfer
FN:151,check-is-approved
FN:111,mint
FN:116,burn
FN:121,transfer-fixed
FN:124,mint-fixed
FN:127,burn-fixed
FN:157,burn-fixed-many-iter
FN:130,burn-fixed-many
FN:136,faucet-drip
FN:139,faucet-drop
FN:142,faucet-flood
FNF:32
FNH:0
BRF:0
BRH:0
end_of_record
TN:tests/stacks-m2m-v1.test.ts__Setting a Payment Address__set-payment-address() fails if old address param is incorrect
SF:/home/whoabuddy/Dev/stacks-m2m/contracts/src/stacks-m2m-trait-v1.clar
FNF:0
FNH:0
BRF:0
BRH:0
end_of_record
TN:tests/stacks-m2m-v1.test.ts__Setting a Payment Address__set-payment-address() fails if old address param is incorrect
SF:/home/whoabuddy/Dev/stacks-m2m/contracts/src/stacks-m2m-v1.clar
FN:118,get-total-users
FN:123,get-user-index
FN:128,get-user-data
FN:133,get-user-data-by-address
FN:138,get-total-resources
FN:143,get-resource-index
FN:148,get-resource
FN:153,get-resource-by-name
FN:158,get-total-invoices
FN:163,get-invoice-index
FN:168,get-invoice
FN:173,get-invoice-by-hash
FN:178,get-recent-payment
FN:186,get-recent-payment-data
FN:191,get-recent-payment-data-by-address
FN:196,get-payment-address
FN:205,get-invoice-hash
FN:380,is-deployer
FN:237,set-payment-address
FN:255,add-resource
FN:290,delete-resource
FN:302,delete-resource-by-name
FN:384,get-or-create-user
FN:307,pay-invoice
FN:373,pay-invoice-by-resource-name
FNDA:1,set-payment-address
FNF:25
FNH:1
DA:119,0
DA:124,0
DA:129,0
DA:134,0
DA:139,0
DA:144,0
DA:149,0
DA:154,0
DA:159,0
DA:164,0
DA:169,0
DA:174,0
DA:179,0
DA:180,0
DA:181,0
DA:187,0
DA:192,0
DA:197,0
DA:206,0
DA:209,0
DA:210,0
DA:212,0
DA:214,0
DA:215,0
DA:217,0
DA:218,0
DA:219,0
DA:220,0
DA:221,0
DA:223,0
DA:225,0
DA:228,0
DA:238,1
DA:240,1
DA:242,0
DA:244,0
DA:245,0
DA:246,0
DA:247,0
DA:249,0
DA:256,0
DA:258,0
DA:261,0
DA:263,0
DA:264,0
DA:265,0
DA:267,0
DA:269,0
DA:270,0
DA:272,0
DA:273,0
DA:274,0
DA:275,0
DA:276,0
DA:277,0
DA:279,0
DA:281,0
DA:283,0
DA:291,0
DA:293,0
DA:295,0
DA:297,0
DA:303,0
DA:308,0
DA:310,0
DA:311,0
DA:312,0
DA:313,0
DA:314,0
DA:315,0
DA:318,0
DA:320,0
DA:321,0
DA:323,0
DA:324,0
DA:325,0
DA:326,0
DA:327,0
DA:328,0
DA:330,0
DA:332,0
DA:334,0
DA:335,0
DA:337,0
DA:340,0
DA:341,0
DA:342,0
DA:343,0
DA:344,0
DA:348,0
DA:349,0
DA:350,0
DA:351,0
DA:352,0
DA:356,0
DA:358,0
DA:359,0
DA:360,0
DA:361,0
DA:364,0
DA:365,0
DA:366,0
DA:369,0
DA:374,0
DA:381,0
DA:385,0
DA:386,0
DA:387,0
DA:390,0
DA:393,0
DA:395,0
DA:396,0
DA:398,0
DA:399,0
DA:400,0
DA:402,0
DA:404,0
DA:406,0
BRF:23
BRH:1
BRDA:240,560,0,1
BRDA:242,569,0,0
BRDA:245,580,0,0
BRDA:246,580,1,0
BRDA:247,578,0,0
BRDA:263,628,0,0
BRDA:264,637,0,0
BRDA:265,646,0,0
BRDA:267,653,0,0
BRDA:279,661,0,0
BRDA:295,708,0,0
BRDA:295,710,0,0
BRDA:295,710,1,0
BRDA:297,725,0,0
BRDA:318,873,0,0
BRDA:330,881,0,0
BRDA:365,1007,0,0
BRDA:366,1007,1,0
BRDA:381,541,0,0
BRDA:386,756,0,0
BRDA:387,756,1,0
BRDA:393,776,0,0
BRDA:402,784,0,0
end_of_record
TN:tests/stacks-m2m-v1.test.ts__Setting a Payment Address__set-payment-address() fails if old address param is incorrect
SF:/home/whoabuddy/Dev/stacks-m2m/contracts/src/stacks-m2m-v2.clar
FN:121,get-total-users
FN:126,get-user-index
FN:131,get-user-data
FN:136,get-user-data-by-address
FN:141,get-total-resources
FN:146,get-resource-index
FN:151,get-resource
FN:156,get-resource-by-name
FN:161,get-total-invoices
FN:166,get-invoice
FN:171,get-recent-payment
FN:179,get-recent-payment-data
FN:184,get-recent-payment-data-by-address
FN:189,get-payment-address
FN:342,is-deployer
FN:198,set-payment-address
FN:216,add-resource
FN:252,delete-resource
FN:264,delete-resource-by-name
FN:346,get-or-create-user
FN:269,pay-invoice
FN:335,pay-invoice-by-resource-name
FNF:22
FNH:0
BRF:0
BRH:0
end_of_record

TN:tests/stacks-m2m-v1.test.ts__Setting a Payment Address__set-payment-address() succeeds if called by the deployer
SF:/home/whoabuddy/Dev/stacks-m2m/contracts/src/stacks-m2m-abtc.clar
FN:34,get-contract-owner
FN:37,get-name
FN:40,get-symbol
FN:43,get-decimals
FN:46,get-balance
FN:49,get-total-supply
FN:52,get-token-uri
FN:154,pow-decimals
FN:55,fixed-to-decimals
FN:58,decimals-to-fixed
FN:61,get-total-supply-fixed
FN:64,get-balance-fixed
FN:148,check-is-owner
FN:69,set-contract-owner
FN:74,set-name
FN:79,set-symbol
FN:84,set-decimals
FN:89,set-token-uri
FN:94,add-approved-contract
FN:99,set-approved-contract
FN:104,transfer
FN:151,check-is-approved
FN:111,mint
FN:116,burn
FN:121,transfer-fixed
FN:124,mint-fixed
FN:127,burn-fixed
FN:157,burn-fixed-many-iter
FN:130,burn-fixed-many
FN:136,faucet-drip
FN:139,faucet-drop
FN:142,faucet-flood
FNF:32
FNH:0
BRF:0
BRH:0
end_of_record
TN:tests/stacks-m2m-v1.test.ts__Setting a Payment Address__set-payment-address() succeeds if called by the deployer
SF:/home/whoabuddy/Dev/stacks-m2m/contracts/src/stacks-m2m-trait-v1.clar
FNF:0
FNH:0
BRF:0
BRH:0
end_of_record
TN:tests/stacks-m2m-v1.test.ts__Setting a Payment Address__set-payment-address() succeeds if called by the deployer
SF:/home/whoabuddy/Dev/stacks-m2m/contracts/src/stacks-m2m-v1.clar
FN:118,get-total-users
FN:123,get-user-index
FN:128,get-user-data
FN:133,get-user-data-by-address
FN:138,get-total-resources
FN:143,get-resource-index
FN:148,get-resource
FN:153,get-resource-by-name
FN:158,get-total-invoices
FN:163,get-invoice-index
FN:168,get-invoice
FN:173,get-invoice-by-hash
FN:178,get-recent-payment
FN:186,get-recent-payment-data
FN:191,get-recent-payment-data-by-address
FN:196,get-payment-address
FN:205,get-invoice-hash
FN:380,is-deployer
FN:237,set-payment-address
FN:255,add-resource
FN:290,delete-resource
FN:302,delete-resource-by-name
FN:384,get-or-create-user
FN:307,pay-invoice
FN:373,pay-invoice-by-resource-name
FNDA:1,get-payment-address
FNDA:1,set-payment-address
FNF:25
FNH:2
DA:119,0
DA:124,0
DA:129,0
DA:134,0
DA:139,0
DA:144,0
DA:149,0
DA:154,0
DA:159,0
DA:164,0
DA:169,0
DA:174,0
DA:179,0
DA:180,0
DA:181,0
DA:187,0
DA:192,0
DA:197,1
DA:206,0
DA:209,0
DA:210,0
DA:212,0
DA:214,0
DA:215,0
DA:217,0
DA:218,0
DA:219,0
DA:220,0
DA:221,0
DA:223,0
DA:225,0
DA:228,0
DA:238,1
DA:240,1
DA:242,1
DA:244,1
DA:245,1
DA:246,0
DA:247,0
DA:249,1
DA:256,0
DA:258,0
DA:261,0
DA:263,0
DA:264,0
DA:265,0
DA:267,0
DA:269,0
DA:270,0
DA:272,0
DA:273,0
DA:274,0
DA:275,0
DA:276,0
DA:277,0
DA:279,0
DA:281,0
DA:283,0
DA:291,0
DA:293,0
DA:295,0
DA:297,0
DA:303,0
DA:308,0
DA:310,0
DA:311,0
DA:312,0
DA:313,0
DA:314,0
DA:315,0
DA:318,0
DA:320,0
DA:321,0
DA:323,0
DA:324,0
DA:325,0
DA:326,0
DA:327,0
DA:328,0
DA:330,0
DA:332,0
DA:334,0
DA:335,0
DA:337,0
DA:340,0
DA:341,0
DA:342,0
DA:343,0
DA:344,0
DA:348,0
DA:349,0
DA:350,0
DA:351,0
DA:352,0
DA:356,0
DA:358,0
DA:359,0
DA:360,0
DA:361,0
DA:364,0
DA:365,0
DA:366,0
DA:369,0
DA:374,0
DA:381,0
DA:385,0
DA:386,0
DA:387,0
DA:390,0
DA:393,0
DA:395,0
DA:396,0
DA:398,0
DA:399,0
DA:400,0
DA:402,0
DA:404,0
DA:406,0
BRF:23
BRH:1
BRDA:240,560,0,0
BRDA:242,569,0,0
BRDA:245,580,0,1
BRDA:246,580,1,0
BRDA:247,578,0,0
BRDA:263,628,0,0
BRDA:264,637,0,0
BRDA:265,646,0,0
BRDA:267,653,0,0
BRDA:279,661,0,0
BRDA:295,708,0,0
BRDA:295,710,0,0
BRDA:295,710,1,0
BRDA:297,725,0,0
BRDA:318,873,0,0
BRDA:330,881,0,0
BRDA:365,1007,0,0
BRDA:366,1007,1,0
BRDA:381,541,0,0
BRDA:386,756,0,0
BRDA:387,756,1,0
BRDA:393,776,0,0
BRDA:402,784,0,0
end_of_record
TN:tests/stacks-m2m-v1.test.ts__Setting a Payment Address__set-payment-address() succeeds if called by the deployer
SF:/home/whoabuddy/Dev/stacks-m2m/contracts/src/stacks-m2m-v2.clar
FN:121,get-total-users
FN:126,get-user-index
FN:131,get-user-data
FN:136,get-user-data-by-address
FN:141,get-total-resources
FN:146,get-resource-index
FN:151,get-resource
FN:156,get-resource-by-name
FN:161,get-total-invoices
FN:166,get-invoice
FN:171,get-recent-payment
FN:179,get-recent-payment-data
FN:184,get-recent-payment-data-by-address
FN:189,get-payment-address
FN:342,is-deployer
FN:198,set-payment-address
FN:216,add-resource
FN:252,delete-resource
FN:264,delete-resource-by-name
FN:346,get-or-create-user
FN:269,pay-invoice
FN:335,pay-invoice-by-resource-name
FNF:22
FNH:0
BRF:0
BRH:0
end_of_record

TN:tests/stacks-m2m-v1.test.ts__Setting a Payment Address__set-payment-address() succeeds if called by current payment address
SF:/home/whoabuddy/Dev/stacks-m2m/contracts/src/stacks-m2m-abtc.clar
FN:34,get-contract-owner
FN:37,get-name
FN:40,get-symbol
FN:43,get-decimals
FN:46,get-balance
FN:49,get-total-supply
FN:52,get-token-uri
FN:154,pow-decimals
FN:55,fixed-to-decimals
FN:58,decimals-to-fixed
FN:61,get-total-supply-fixed
FN:64,get-balance-fixed
FN:148,check-is-owner
FN:69,set-contract-owner
FN:74,set-name
FN:79,set-symbol
FN:84,set-decimals
FN:89,set-token-uri
FN:94,add-approved-contract
FN:99,set-approved-contract
FN:104,transfer
FN:151,check-is-approved
FN:111,mint
FN:116,burn
FN:121,transfer-fixed
FN:124,mint-fixed
FN:127,burn-fixed
FN:157,burn-fixed-many-iter
FN:130,burn-fixed-many
FN:136,faucet-drip
FN:139,faucet-drop
FN:142,faucet-flood
FNF:32
FNH:0
BRF:0
BRH:0
end_of_record
TN:tests/stacks-m2m-v1.test.ts__Setting a Payment Address__set-payment-address() succeeds if called by current payment address
SF:/home/whoabuddy/Dev/stacks-m2m/contracts/src/stacks-m2m-trait-v1.clar
FNF:0
FNH:0
BRF:0
BRH:0
end_of_record
TN:tests/stacks-m2m-v1.test.ts__Setting a Payment Address__set-payment-address() succeeds if called by current payment address
SF:/home/whoabuddy/Dev/stacks-m2m/contracts/src/stacks-m2m-v1.clar
FN:118,get-total-users
FN:123,get-user-index
FN:128,get-user-data
FN:133,get-user-data-by-address
FN:138,get-total-resources
FN:143,get-resource-index
FN:148,get-resource
FN:153,get-resource-by-name
FN:158,get-total-invoices
FN:163,get-invoice-index
FN:168,get-invoice
FN:173,get-invoice-by-hash
FN:178,get-recent-payment
FN:186,get-recent-payment-data
FN:191,get-recent-payment-data-by-address
FN:196,get-payment-address
FN:205,get-invoice-hash
FN:380,is-deployer
FN:237,set-payment-address
FN:255,add-resource
FN:290,delete-resource
FN:302,delete-resource-by-name
FN:384,get-or-create-user
FN:307,pay-invoice
FN:373,pay-invoice-by-resource-name
FNDA:2,get-payment-address
FNDA:2,set-payment-address
FNF:25
FNH:2
DA:119,0
DA:124,0
DA:129,0
DA:134,0
DA:139,0
DA:144,0
DA:149,0
DA:154,0
DA:159,0
DA:164,0
DA:169,0
DA:174,0
DA:179,0
DA:180,0
DA:181,0
DA:187,0
DA:192,0
DA:197,2
DA:206,0
DA:209,0
DA:210,0
DA:212,0
DA:214,0
DA:215,0
DA:217,0
DA:218,0
DA:219,0
DA:220,0
DA:221,0
DA:223,0
DA:225,0
DA:228,0
DA:238,2
DA:240,2
DA:242,2
DA:244,2
DA:245,2
DA:246,0
DA:247,0
DA:249,2
DA:256,0
DA:258,0
DA:261,0
DA:263,0
DA:264,0
DA:265,0
DA:267,0
DA:269,0
DA:270,0
DA:272,0
DA:273,0
DA:274,0
DA:275,0
DA:276,0
DA:277,0
DA:279,0
DA:281,0
DA:283,0
DA:291,0
DA:293,0
DA:295,0
DA:297,0
DA:303,0
DA:308,0
DA:310,0
DA:311,0
DA:312,0
DA:313,0
DA:314,0
DA:315,0
DA:318,0
DA:320,0
DA:321,0
DA:323,0
DA:324,0
DA:325,0
DA:326,0
DA:327,0
DA:328,0
DA:330,0
DA:332,0
DA:334,0
DA:335,0
DA:337,0
DA:340,0
DA:341,0
DA:342,0
DA:343,0
DA:344,0
DA:348,0
DA:349,0
DA:350,0
DA:351,0
DA:352,0
DA:356,0
DA:358,0
DA:359,0
DA:360,0
DA:361,0
DA:364,0
DA:365,0
DA:366,0
DA:369,0
DA:374,0
DA:381,0
DA:385,0
DA:386,0
DA:387,0
DA:390,0
DA:393,0
DA:395,0
DA:396,0
DA:398,0
DA:399,0
DA:400,0
DA:402,0
DA:404,0
DA:406,0
BRF:23
BRH:1
BRDA:240,560,0,0
BRDA:242,569,0,0
BRDA:245,580,0,2
BRDA:246,580,1,0
BRDA:247,578,0,0
BRDA:263,628,0,0
BRDA:264,637,0,0
BRDA:265,646,0,0
BRDA:267,653,0,0
BRDA:279,661,0,0
BRDA:295,708,0,0
BRDA:295,710,0,0
BRDA:295,710,1,0
BRDA:297,725,0,0
BRDA:318,873,0,0
BRDA:330,881,0,0
BRDA:365,1007,0,0
BRDA:366,1007,1,0
BRDA:381,541,0,0
BRDA:386,756,0,0
BRDA:387,756,1,0
BRDA:393,776,0,0
BRDA:402,784,0,0
end_of_record
TN:tests/stacks-m2m-v1.test.ts__Setting a Payment Address__set-payment-address() succeeds if called by current payment address
SF:/home/whoabuddy/Dev/stacks-m2m/contracts/src/stacks-m2m-v2.clar
FN:121,get-total-users
FN:126,get-user-index
FN:131,get-user-data
FN:136,get-user-data-by-address
FN:141,get-total-resources
FN:146,get-resource-index
FN:151,get-resource
FN:156,get-resource-by-name
FN:161,get-total-invoices
FN:166,get-invoice
FN:171,get-recent-payment
FN:179,get-recent-payment-data
FN:184,get-recent-payment-data-by-address
FN:189,get-payment-address
FN:342,is-deployer
FN:198,set-payment-address
FN:216,add-resource
FN:252,delete-resource
FN:264,delete-resource-by-name
FN:346,get-or-create-user
FN:269,pay-invoice
FN:335,pay-invoice-by-resource-name
FNF:22
FNH:0
BRF:0
BRH:0
end_of_record

TN:tests/stacks-m2m-v1.test.ts__Generating an invoice hash__get-invoice-hash() returns none if resource is not found
SF:/home/whoabuddy/Dev/stacks-m2m/contracts/src/stacks-m2m-abtc.clar
FN:34,get-contract-owner
FN:37,get-name
FN:40,get-symbol
FN:43,get-decimals
FN:46,get-balance
FN:49,get-total-supply
FN:52,get-token-uri
FN:154,pow-decimals
FN:55,fixed-to-decimals
FN:58,decimals-to-fixed
FN:61,get-total-supply-fixed
FN:64,get-balance-fixed
FN:148,check-is-owner
FN:69,set-contract-owner
FN:74,set-name
FN:79,set-symbol
FN:84,set-decimals
FN:89,set-token-uri
FN:94,add-approved-contract
FN:99,set-approved-contract
FN:104,transfer
FN:151,check-is-approved
FN:111,mint
FN:116,burn
FN:121,transfer-fixed
FN:124,mint-fixed
FN:127,burn-fixed
FN:157,burn-fixed-many-iter
FN:130,burn-fixed-many
FN:136,faucet-drip
FN:139,faucet-drop
FN:142,faucet-flood
FNF:32
FNH:0
BRF:0
BRH:0
end_of_record
TN:tests/stacks-m2m-v1.test.ts__Generating an invoice hash__get-invoice-hash() returns none if resource is not found
SF:/home/whoabuddy/Dev/stacks-m2m/contracts/src/stacks-m2m-trait-v1.clar
FNF:0
FNH:0
BRF:0
BRH:0
end_of_record
TN:tests/stacks-m2m-v1.test.ts__Generating an invoice hash__get-invoice-hash() returns none if resource is not found
SF:/home/whoabuddy/Dev/stacks-m2m/contracts/src/stacks-m2m-v1.clar
FN:118,get-total-users
FN:123,get-user-index
FN:128,get-user-data
FN:133,get-user-data-by-address
FN:138,get-total-resources
FN:143,get-resource-index
FN:148,get-resource
FN:153,get-resource-by-name
FN:158,get-total-invoices
FN:163,get-invoice-index
FN:168,get-invoice
FN:173,get-invoice-by-hash
FN:178,get-recent-payment
FN:186,get-recent-payment-data
FN:191,get-recent-payment-data-by-address
FN:196,get-payment-address
FN:205,get-invoice-hash
FN:380,is-deployer
FN:237,set-payment-address
FN:255,add-resource
FN:290,delete-resource
FN:302,delete-resource-by-name
FN:384,get-or-create-user
FN:307,pay-invoice
FN:373,pay-invoice-by-resource-name
FNDA:1,get-invoice-hash
FNDA:1,get-resource
FNF:25
FNH:2
DA:119,0
DA:124,0
DA:129,0
DA:134,0
DA:139,0
DA:144,0
DA:149,1
DA:154,0
DA:159,0
DA:164,0
DA:169,0
DA:174,0
DA:179,0
DA:180,0
DA:181,0
DA:187,0
DA:192,0
DA:197,0
DA:206,1
DA:209,1
DA:210,1
DA:212,1
DA:214,1
DA:215,1
DA:217,1
DA:218,0
DA:219,0
DA:220,0
DA:221,0
DA:223,0
DA:225,0
DA:228,0
DA:238,0
DA:240,0
DA:242,0
DA:244,0
DA:245,0
DA:246,0
DA:247,0
DA:249,0
DA:256,0
DA:258,0
DA:261,0
DA:263,0
DA:264,0
DA:265,0
DA:267,0
DA:269,0
DA:270,0
DA:272,0
DA:273,0
DA:274,0
DA:275,0
DA:276,0
DA:277,0
DA:279,0
DA:281,0
DA:283,0
DA:291,0
DA:293,0
DA:295,0
DA:297,0
DA:303,0
DA:308,0
DA:310,0
DA:311,0
DA:312,0
DA:313,0
DA:314,0
DA:315,0
DA:318,0
DA:320,0
DA:321,0
DA:323,0
DA:324,0
DA:325,0
DA:326,0
DA:327,0
DA:328,0
DA:330,0
DA:332,0
DA:334,0
DA:335,0
DA:337,0
DA:340,0
DA:341,0
DA:342,0
DA:343,0
DA:344,0
DA:348,0
DA:349,0
DA:350,0
DA:351,0
DA:352,0
DA:356,0
DA:358,0
DA:359,0
DA:360,0
DA:361,0
DA:364,0
DA:365,0
DA:366,0
DA:369,0
DA:374,0
DA:381,0
DA:385,0
DA:386,0
DA:387,0
DA:390,0
DA:393,0
DA:395,0
DA:396,0
DA:398,0
DA:399,0
DA:400,0
DA:402,0
DA:404,0
DA:406,0
BRF:23
BRH:0
BRDA:240,560,0,0
BRDA:242,569,0,0
BRDA:245,580,0,0
BRDA:246,580,1,0
BRDA:247,578,0,0
BRDA:263,628,0,0
BRDA:264,637,0,0
BRDA:265,646,0,0
BRDA:267,653,0,0
BRDA:279,661,0,0
BRDA:295,708,0,0
BRDA:295,710,0,0
BRDA:295,710,1,0
BRDA:297,725,0,0
BRDA:318,873,0,0
BRDA:330,881,0,0
BRDA:365,1007,0,0
BRDA:366,1007,1,0
BRDA:381,541,0,0
BRDA:386,756,0,0
BRDA:387,756,1,0
BRDA:393,776,0,0
BRDA:402,784,0,0
end_of_record
TN:tests/stacks-m2m-v1.test.ts__Generating an invoice hash__get-invoice-hash() returns none if resource is not found
SF:/home/whoabuddy/Dev/stacks-m2m/contracts/src/stacks-m2m-v2.clar
FN:121,get-total-users
FN:126,get-user-index
FN:131,get-user-data
FN:136,get-user-data-by-address
FN:141,get-total-resources
FN:146,get-resource-index
FN:151,get-resource
FN:156,get-resource-by-name
FN:161,get-total-invoices
FN:166,get-invoice
FN:171,get-recent-payment
FN:179,get-recent-payment-data
FN:184,get-recent-payment-data-by-address
FN:189,get-payment-address
FN:342,is-deployer
FN:198,set-payment-address
FN:216,add-resource
FN:252,delete-resource
FN:264,delete-resource-by-name
FN:346,get-or-create-user
FN:269,pay-invoice
FN:335,pay-invoice-by-resource-name
FNF:22
FNH:0
BRF:0
BRH:0
end_of_record

TN:tests/stacks-m2m-v1.test.ts__Generating an invoice hash__get-invoice-hash() succeeds and returns the correct value
SF:/home/whoabuddy/Dev/stacks-m2m/contracts/src/stacks-m2m-abtc.clar
FN:34,get-contract-owner
FN:37,get-name
FN:40,get-symbol
FN:43,get-decimals
FN:46,get-balance
FN:49,get-total-supply
FN:52,get-token-uri
FN:154,pow-decimals
FN:55,fixed-to-decimals
FN:58,decimals-to-fixed
FN:61,get-total-supply-fixed
FN:64,get-balance-fixed
FN:148,check-is-owner
FN:69,set-contract-owner
FN:74,set-name
FN:79,set-symbol
FN:84,set-decimals
FN:89,set-token-uri
FN:94,add-approved-contract
FN:99,set-approved-contract
FN:104,transfer
FN:151,check-is-approved
FN:111,mint
FN:116,burn
FN:121,transfer-fixed
FN:124,mint-fixed
FN:127,burn-fixed
FN:157,burn-fixed-many-iter
FN:130,burn-fixed-many
FN:136,faucet-drip
FN:139,faucet-drop
FN:142,faucet-flood
FNF:32
FNH:0
BRF:0
BRH:0
end_of_record
TN:tests/stacks-m2m-v1.test.ts__Generating an invoice hash__get-invoice-hash() succeeds and returns the correct value
SF:/home/whoabuddy/Dev/stacks-m2m/contracts/src/stacks-m2m-trait-v1.clar
FNF:0
FNH:0
BRF:0
BRH:0
end_of_record
TN:tests/stacks-m2m-v1.test.ts__Generating an invoice hash__get-invoice-hash() succeeds and returns the correct value
SF:/home/whoabuddy/Dev/stacks-m2m/contracts/src/stacks-m2m-v1.clar
FN:118,get-total-users
FN:123,get-user-index
FN:128,get-user-data
FN:133,get-user-data-by-address
FN:138,get-total-resources
FN:143,get-resource-index
FN:148,get-resource
FN:153,get-resource-by-name
FN:158,get-total-invoices
FN:163,get-invoice-index
FN:168,get-invoice
FN:173,get-invoice-by-hash
FN:178,get-recent-payment
FN:186,get-recent-payment-data
FN:191,get-recent-payment-data-by-address
FN:196,get-payment-address
FN:205,get-invoice-hash
FN:380,is-deployer
FN:237,set-payment-address
FN:255,add-resource
FN:290,delete-resource
FN:302,delete-resource-by-name
FN:384,get-or-create-user
FN:307,pay-invoice
FN:373,pay-invoice-by-resource-name
FNDA:1,add-resource
FNDA:1,get-invoice-hash
FNDA:1,get-resource
FNDA:1,get-total-resources
FNDA:1,is-deployer
FNF:25
FNH:5
DA:119,0
DA:124,0
DA:129,0
DA:134,0
DA:139,1
DA:144,0
DA:149,1
DA:154,0
DA:159,0
DA:164,0
DA:169,0
DA:174,0
DA:179,0
DA:180,0
DA:181,0
DA:187,0
DA:192,0
DA:197,0
DA:206,1
DA:209,1
DA:210,1
DA:212,1
DA:214,1
DA:215,1
DA:217,1
DA:218,1
DA:219,1
DA:220,1
DA:221,1
DA:223,1
DA:225,1
DA:228,1
DA:238,0
DA:240,0
DA:242,0
DA:244,0
DA:245,0
DA:246,0
DA:247,0
DA:249,0
DA:256,1
DA:258,1
DA:261,1
DA:263,1
DA:264,1
DA:265,1
DA:267,1
DA:269,1
DA:270,1
DA:272,1
DA:273,1
DA:274,1
DA:275,1
DA:276,1
DA:277,1
DA:279,0
DA:281,1
DA:283,1
DA:291,0
DA:293,0
DA:295,0
DA:297,0
DA:303,0
DA:308,0
DA:310,0
DA:311,0
DA:312,0
DA:313,0
DA:314,0
DA:315,0
DA:318,0
DA:320,0
DA:321,0
DA:323,0
DA:324,0
DA:325,0
DA:326,0
DA:327,0
DA:328,0
DA:330,0
DA:332,0
DA:334,0
DA:335,0
DA:337,0
DA:340,0
DA:341,0
DA:342,0
DA:343,0
DA:344,0
DA:348,0
DA:349,0
DA:350,0
DA:351,0
DA:352,0
DA:356,0
DA:358,0
DA:359,0
DA:360,0
DA:361,0
DA:364,0
DA:365,0
DA:366,0
DA:369,0
DA:374,0
DA:381,1
DA:385,0
DA:386,0
DA:387,0
DA:390,0
DA:393,0
DA:395,0
DA:396,0
DA:398,0
DA:399,0
DA:400,0
DA:402,0
DA:404,0
DA:406,0
BRF:23
BRH:0
BRDA:240,560,0,0
BRDA:242,569,0,0
BRDA:245,580,0,0
BRDA:246,580,1,0
BRDA:247,578,0,0
BRDA:263,628,0,0
BRDA:264,637,0,0
BRDA:265,646,0,0
BRDA:267,653,0,0
BRDA:279,661,0,0
BRDA:295,708,0,0
BRDA:295,710,0,0
BRDA:295,710,1,0
BRDA:297,725,0,0
BRDA:318,873,0,0
BRDA:330,881,0,0
BRDA:365,1007,0,0
BRDA:366,1007,1,0
BRDA:381,541,0,0
BRDA:386,756,0,0
BRDA:387,756,1,0
BRDA:393,776,0,0
BRDA:402,784,0,0
end_of_record
TN:tests/stacks-m2m-v1.test.ts__Generating an invoice hash__get-invoice-hash() succeeds and returns the correct value
SF:/home/whoabuddy/Dev/stacks-m2m/contracts/src/stacks-m2m-v2.clar
FN:121,get-total-users
FN:126,get-user-index
FN:131,get-user-data
FN:136,get-user-data-by-address
FN:141,get-total-resources
FN:146,get-resource-index
FN:151,get-resource
FN:156,get-resource-by-name
FN:161,get-total-invoices
FN:166,get-invoice
FN:171,get-recent-payment
FN:179,get-recent-payment-data
FN:184,get-recent-payment-data-by-address
FN:189,get-payment-address
FN:342,is-deployer
FN:198,set-payment-address
FN:216,add-resource
FN:252,delete-resource
FN:264,delete-resource-by-name
FN:346,get-or-create-user
FN:269,pay-invoice
FN:335,pay-invoice-by-resource-name
FNF:22
FNH:0
BRF:0
BRH:0
end_of_record

TN:tests/stacks-m2m-v1.test.ts__Generating an invoice hash__get-invoice-hash() succeeds and returns the correct value after the chain progresses
SF:/home/whoabuddy/Dev/stacks-m2m/contracts/src/stacks-m2m-abtc.clar
FN:34,get-contract-owner
FN:37,get-name
FN:40,get-symbol
FN:43,get-decimals
FN:46,get-balance
FN:49,get-total-supply
FN:52,get-token-uri
FN:154,pow-decimals
FN:55,fixed-to-decimals
FN:58,decimals-to-fixed
FN:61,get-total-supply-fixed
FN:64,get-balance-fixed
FN:148,check-is-owner
FN:69,set-contract-owner
FN:74,set-name
FN:79,set-symbol
FN:84,set-decimals
FN:89,set-token-uri
FN:94,add-approved-contract
FN:99,set-approved-contract
FN:104,transfer
FN:151,check-is-approved
FN:111,mint
FN:116,burn
FN:121,transfer-fixed
FN:124,mint-fixed
FN:127,burn-fixed
FN:157,burn-fixed-many-iter
FN:130,burn-fixed-many
FN:136,faucet-drip
FN:139,faucet-drop
FN:142,faucet-flood
FNF:32
FNH:0
BRF:0
BRH:0
end_of_record
TN:tests/stacks-m2m-v1.test.ts__Generating an invoice hash__get-invoice-hash() succeeds and returns the correct value after the chain progresses
SF:/home/whoabuddy/Dev/stacks-m2m/contracts/src/stacks-m2m-trait-v1.clar
FNF:0
FNH:0
BRF:0
BRH:0
end_of_record
TN:tests/stacks-m2m-v1.test.ts__Generating an invoice hash__get-invoice-hash() succeeds and returns the correct value after the chain progresses
SF:/home/whoabuddy/Dev/stacks-m2m/contracts/src/stacks-m2m-v1.clar
FN:118,get-total-users
FN:123,get-user-index
FN:128,get-user-data
FN:133,get-user-data-by-address
FN:138,get-total-resources
FN:143,get-resource-index
FN:148,get-resource
FN:153,get-resource-by-name
FN:158,get-total-invoices
FN:163,get-invoice-index
FN:168,get-invoice
FN:173,get-invoice-by-hash
FN:178,get-recent-payment
FN:186,get-recent-payment-data
FN:191,get-recent-payment-data-by-address
FN:196,get-payment-address
FN:205,get-invoice-hash
FN:380,is-deployer
FN:237,set-payment-address
FN:255,add-resource
FN:290,delete-resource
FN:302,delete-resource-by-name
FN:384,get-or-create-user
FN:307,pay-invoice
FN:373,pay-invoice-by-resource-name
FNDA:1,add-resource
FNDA:1,get-invoice-hash
FNDA:1,get-resource
FNDA:1,get-total-resources
FNDA:1,is-deployer
FNF:25
FNH:5
DA:119,0
DA:124,0
DA:129,0
DA:134,0
DA:139,1
DA:144,0
DA:149,1
DA:154,0
DA:159,0
DA:164,0
DA:169,0
DA:174,0
DA:179,0
DA:180,0
DA:181,0
DA:187,0
DA:192,0
DA:197,0
DA:206,1
DA:209,1
DA:210,1
DA:212,1
DA:214,1
DA:215,1
DA:217,1
DA:218,1
DA:219,1
DA:220,1
DA:221,1
DA:223,1
DA:225,1
DA:228,1
DA:238,0
DA:240,0
DA:242,0
DA:244,0
DA:245,0
DA:246,0
DA:247,0
DA:249,0
DA:256,1
DA:258,1
DA:261,1
DA:263,1
DA:264,1
DA:265,1
DA:267,1
DA:269,1
DA:270,1
DA:272,1
DA:273,1
DA:274,1
DA:275,1
DA:276,1
DA:277,1
DA:279,0
DA:281,1
DA:283,1
DA:291,0
DA:293,0
DA:295,0
DA:297,0
DA:303,0
DA:308,0
DA:310,0
DA:311,0
DA:312,0
DA:313,0
DA:314,0
DA:315,0
DA:318,0
DA:320,0
DA:321,0
DA:323,0
DA:324,0
DA:325,0
DA:326,0
DA:327,0
DA:328,0
DA:330,0
DA:332,0
DA:334,0
DA:335,0
DA:337,0
DA:340,0
DA:341,0
DA:342,0
DA:343,0
DA:344,0
DA:348,0
DA:349,0
DA:350,0
[...]
DA:192,0
DA:197,0
DA:206,0
DA:209,0
DA:210,0
DA:212,0
DA:214,0
DA:215,0
DA:217,0
DA:218,0
DA:219,0
DA:220,0
DA:221,0
DA:223,0
DA:225,0
DA:228,0
DA:238,0
DA:240,0
DA:242,0
DA:244,0
DA:245,0
DA:246,0
DA:247,0
DA:249,0
DA:256,0
DA:258,0
DA:261,0
DA:263,0
DA:264,0
DA:265,0
DA:267,0
DA:269,0
DA:270,0
DA:272,0
DA:273,0
DA:274,0
DA:275,0
DA:276,0
DA:277,0
DA:279,0
DA:281,0
DA:283,0
DA:291,0
DA:293,0
DA:295,0
DA:297,0
DA:303,0
DA:308,1
DA:310,1
DA:311,1
DA:312,1
DA:313,0
DA:314,0
DA:315,0
DA:318,0
DA:320,0
DA:321,0
DA:323,0
DA:324,0
DA:325,0
DA:326,0
DA:327,0
DA:328,0
DA:330,0
DA:332,0
DA:334,0
DA:335,0
DA:337,0
DA:340,0
DA:341,0
DA:342,0
DA:343,0
DA:344,0
DA:348,0
DA:349,0
DA:350,0
DA:351,0
DA:352,0
DA:356,0
DA:358,0
DA:359,0
DA:360,0
DA:361,0
DA:364,0
DA:365,0
DA:366,0
DA:369,0
DA:374,0
DA:381,0
DA:385,0
DA:386,0
DA:387,0
DA:390,0
DA:393,0
DA:395,0
DA:396,0
DA:398,0
DA:399,0
DA:400,0
DA:402,0
DA:404,0
DA:406,0
BRF:23
BRH:0
BRDA:240,560,0,0
BRDA:242,569,0,0
BRDA:245,580,0,0
BRDA:246,580,1,0
BRDA:247,578,0,0
BRDA:263,628,0,0
BRDA:264,637,0,0
BRDA:265,646,0,0
BRDA:267,653,0,0
BRDA:279,661,0,0
BRDA:295,708,0,0
BRDA:295,710,0,0
BRDA:295,710,1,0
BRDA:297,725,0,0
BRDA:318,873,0,0
BRDA:330,881,0,0
BRDA:365,1007,0,0
BRDA:366,1007,1,0
BRDA:381,541,0,0
BRDA:386,756,0,0
BRDA:387,756,1,0
BRDA:393,776,0,0
BRDA:402,784,0,0
end_of_record
TN:tests/stacks-m2m-v1.test.ts__Paying an invoice__pay-invoice() fails if resource is not found
SF:/home/whoabuddy/Dev/stacks-m2m/contracts/src/stacks-m2m-v2.clar
FN:121,get-total-users
FN:126,get-user-index
FN:131,get-user-data
FN:136,get-user-data-by-address
FN:141,get-total-resources
FN:146,get-resource-index
FN:151,get-resource
FN:156,get-resource-by-name
FN:161,get-total-invoices
FN:166,get-invoice
FN:171,get-recent-payment
FN:179,get-recent-payment-data
FN:184,get-recent-payment-data-by-address
FN:189,get-payment-address
FN:342,is-deployer
FN:198,set-payment-address
FN:216,add-resource
FN:252,delete-resource
FN:264,delete-resource-by-name
FN:346,get-or-create-user
FN:269,pay-invoice
FN:335,pay-invoice-by-resource-name
FNF:22
FNH:0
BRF:0
BRH:0
end_of_record

TN:tests/stacks-m2m-v1.test.ts__Paying an invoice__pay-invoice() succeeds and returns invoice count without memo
SF:/home/whoabuddy/Dev/stacks-m2m/contracts/src/stacks-m2m-abtc.clar
FN:34,get-contract-owner
FN:37,get-name
FN:40,get-symbol
FN:43,get-decimals
FN:46,get-balance
FN:49,get-total-supply
FN:52,get-token-uri
FN:154,pow-decimals
FN:55,fixed-to-decimals
FN:58,decimals-to-fixed
FN:61,get-total-supply-fixed
FN:64,get-balance-fixed
FN:148,check-is-owner
FN:69,set-contract-owner
FN:74,set-name
FN:79,set-symbol
FN:84,set-decimals
FN:89,set-token-uri
FN:94,add-approved-contract
FN:99,set-approved-contract
FN:104,transfer
FN:151,check-is-approved
FN:111,mint
FN:116,burn
FN:121,transfer-fixed
FN:124,mint-fixed
FN:127,burn-fixed
FN:157,burn-fixed-many-iter
FN:130,burn-fixed-many
FN:136,faucet-drip
FN:139,faucet-drop
FN:142,faucet-flood
FNF:32
FNH:0
BRF:0
BRH:0
end_of_record
TN:tests/stacks-m2m-v1.test.ts__Paying an invoice__pay-invoice() succeeds and returns invoice count without memo
SF:/home/whoabuddy/Dev/stacks-m2m/contracts/src/stacks-m2m-trait-v1.clar
FNF:0
FNH:0
BRF:0
BRH:0
end_of_record
TN:tests/stacks-m2m-v1.test.ts__Paying an invoice__pay-invoice() succeeds and returns invoice count without memo
SF:/home/whoabuddy/Dev/stacks-m2m/contracts/src/stacks-m2m-v1.clar
FN:118,get-total-users
FN:123,get-user-index
FN:128,get-user-data
FN:133,get-user-data-by-address
FN:138,get-total-resources
FN:143,get-resource-index
FN:148,get-resource
FN:153,get-resource-by-name
FN:158,get-total-invoices
FN:163,get-invoice-index
FN:168,get-invoice
FN:173,get-invoice-by-hash
FN:178,get-recent-payment
FN:186,get-recent-payment-data
FN:191,get-recent-payment-data-by-address
FN:196,get-payment-address
FN:205,get-invoice-hash
FN:380,is-deployer
FN:237,set-payment-address
FN:255,add-resource
FN:290,delete-resource
FN:302,delete-resource-by-name
FN:384,get-or-create-user
FN:307,pay-invoice
FN:373,pay-invoice-by-resource-name
FNDA:1,add-resource
FNDA:1,get-invoice-hash
FNDA:1,get-or-create-user
FNDA:1,get-resource
FNDA:1,get-total-invoices
FNDA:1,get-total-resources
FNDA:1,get-total-users
FNDA:1,get-user-data
FNDA:1,is-deployer
FNDA:1,pay-invoice
FNF:25
FNH:10
DA:119,1
DA:124,0
DA:129,2
DA:134,0
DA:139,1
DA:144,0
DA:149,3
DA:154,0
DA:159,1
DA:164,0
DA:169,0
DA:174,0
DA:179,0
DA:180,0
DA:181,0
DA:187,0
DA:192,0
DA:197,0
DA:206,1
DA:209,1
DA:210,1
DA:212,1
DA:214,1
DA:215,1
DA:217,1
DA:218,1
DA:219,1
DA:220,1
DA:221,1
DA:223,1
DA:225,1
DA:228,1
DA:238,0
DA:240,0
DA:242,0
DA:244,0
DA:245,0
DA:246,0
DA:247,0
DA:249,0
DA:256,1
DA:258,1
DA:261,1
DA:263,1
DA:264,1
DA:265,1
DA:267,1
DA:269,1
DA:270,1
DA:272,1
DA:273,1
DA:274,1
DA:275,1
DA:276,1
DA:277,1
DA:279,0
DA:281,1
DA:283,1
DA:291,0
DA:293,0
DA:295,0
DA:297,0
DA:303,0
DA:308,1
DA:310,1
DA:311,1
DA:312,1
DA:313,1
DA:314,1
DA:315,1
DA:318,1
DA:320,1
DA:321,1
DA:323,1
DA:324,1
DA:325,1
DA:326,1
DA:327,1
DA:328,1
DA:330,0
DA:332,1
DA:334,1
DA:335,1
DA:337,1
DA:340,1
DA:341,1
DA:342,1
DA:343,1
DA:344,1
DA:348,1
DA:349,1
DA:350,1
DA:351,1
DA:352,1
DA:356,1
DA:358,1
DA:359,1
DA:360,1
DA:361,1
DA:364,1
DA:365,0
DA:366,1
DA:369,1
DA:374,0
DA:381,1
DA:385,1
DA:386,0
DA:387,1
DA:390,1
DA:393,1
DA:395,1
DA:396,1
DA:398,1
DA:399,1
DA:400,1
DA:402,0
DA:404,1
DA:406,1
BRF:23
BRH:2
BRDA:240,560,0,0
BRDA:242,569,0,0
BRDA:245,580,0,0
BRDA:246,580,1,0
BRDA:247,578,0,0
BRDA:263,628,0,0
BRDA:264,637,0,0
BRDA:265,646,0,0
BRDA:267,653,0,0
BRDA:279,661,0,0
BRDA:295,708,0,0
BRDA:295,710,0,0
BRDA:295,710,1,0
BRDA:297,725,0,0
BRDA:318,873,0,0
BRDA:330,881,0,0
BRDA:365,1007,0,0
BRDA:366,1007,1,1
BRDA:381,541,0,0
BRDA:386,756,0,0
BRDA:387,756,1,1
BRDA:393,776,0,0
BRDA:402,784,0,0
end_of_record
TN:tests/stacks-m2m-v1.test.ts__Paying an invoice__pay-invoice() succeeds and returns invoice count without memo
SF:/home/whoabuddy/Dev/stacks-m2m/contracts/src/stacks-m2m-v2.clar
FN:121,get-total-users
FN:126,get-user-index
FN:131,get-user-data
FN:136,get-user-data-by-address
FN:141,get-total-resources
FN:146,get-resource-index
FN:151,get-resource
FN:156,get-resource-by-name
FN:161,get-total-invoices
FN:166,get-invoice
FN:171,get-recent-payment
FN:179,get-recent-payment-data
FN:184,get-recent-payment-data-by-address
FN:189,get-payment-address
FN:342,is-deployer
FN:198,set-payment-address
FN:216,add-resource
FN:252,delete-resource
FN:264,delete-resource-by-name
FN:346,get-or-create-user
FN:269,pay-invoice
FN:335,pay-invoice-by-resource-name
FNF:22
FNH:0
BRF:0
BRH:0
end_of_record

TN:tests/stacks-m2m-v1.test.ts__Paying an invoice__pay-invoice() succeeds and returns invoice count with memo
SF:/home/whoabuddy/Dev/stacks-m2m/contracts/src/stacks-m2m-abtc.clar
FN:34,get-contract-owner
FN:37,get-name
FN:40,get-symbol
FN:43,get-decimals
FN:46,get-balance
FN:49,get-total-supply
FN:52,get-token-uri
FN:154,pow-decimals
FN:55,fixed-to-decimals
FN:58,decimals-to-fixed
FN:61,get-total-supply-fixed
FN:64,get-balance-fixed
FN:148,check-is-owner
FN:69,set-contract-owner
FN:74,set-name
FN:79,set-symbol
FN:84,set-decimals
FN:89,set-token-uri
FN:94,add-approved-contract
FN:99,set-approved-contract
FN:104,transfer
FN:151,check-is-approved
FN:111,mint
FN:116,burn
FN:121,transfer-fixed
FN:124,mint-fixed
FN:127,burn-fixed
FN:157,burn-fixed-many-iter
FN:130,burn-fixed-many
FN:136,faucet-drip
FN:139,faucet-drop
FN:142,faucet-flood
FNF:32
FNH:0
BRF:0
BRH:0
end_of_record
TN:tests/stacks-m2m-v1.test.ts__Paying an invoice__pay-invoice() succeeds and returns invoice count with memo
SF:/home/whoabuddy/Dev/stacks-m2m/contracts/src/stacks-m2m-trait-v1.clar
FNF:0
FNH:0
BRF:0
BRH:0
end_of_record
TN:tests/stacks-m2m-v1.test.ts__Paying an invoice__pay-invoice() succeeds and returns invoice count with memo
SF:/home/whoabuddy/Dev/stacks-m2m/contracts/src/stacks-m2m-v1.clar
FN:118,get-total-users
FN:123,get-user-index
FN:128,get-user-data
FN:133,get-user-data-by-address
FN:138,get-total-resources
FN:143,get-resource-index
FN:148,get-resource
FN:153,get-resource-by-name
FN:158,get-total-invoices
FN:163,get-invoice-index
FN:168,get-invoice
FN:173,get-invoice-by-hash
FN:178,get-recent-payment
FN:186,get-recent-payment-data
FN:191,get-recent-payment-data-by-address
FN:196,get-payment-address
FN:205,get-invoice-hash
FN:380,is-deployer
FN:237,set-payment-address
FN:255,add-resource
FN:290,delete-resource
FN:302,delete-resource-by-name
FN:384,get-or-create-user
FN:307,pay-invoice
FN:373,pay-invoice-by-resource-name
FNDA:1,add-resource
FNDA:1,get-invoice-hash
FNDA:1,get-or-create-user
FNDA:1,get-resource
FNDA:1,get-total-invoices
FNDA:1,get-total-resources
FNDA:1,get-total-users
FNDA:1,get-user-data
FNDA:1,is-deployer
FNDA:1,pay-invoice
FNF:25
FNH:10
DA:119,1
DA:124,0
DA:129,2
DA:134,0
DA:139,1
DA:144,0
DA:149,3
DA:154,0
DA:159,1
DA:164,0
DA:169,0
DA:174,0
DA:179,0
DA:180,0
DA:181,0
DA:187,0
DA:192,0
DA:197,0
DA:206,1
DA:209,1
DA:210,1
DA:212,1
DA:214,1
DA:215,1
DA:217,1
DA:218,1
DA:219,1
DA:220,1
DA:221,1
DA:223,1
DA:225,1
DA:228,1
DA:238,0
DA:240,0
DA:242,0
DA:244,0
DA:245,0
DA:246,0
DA:247,0
DA:249,0
DA:256,1
DA:258,1
DA:261,1
DA:263,1
DA:264,1
DA:265,1
DA:267,1
DA:269,1
DA:270,1
DA:272,1
DA:273,1
DA:274,1
DA:275,1
DA:276,1
DA:277,1
DA:279,0
DA:281,1
DA:283,1
DA:291,0
DA:293,0
DA:295,0
DA:297,0
DA:303,0
DA:308,1
DA:310,1
DA:311,1
DA:312,1
DA:313,1
DA:314,1
DA:315,1
DA:318,1
DA:320,1
DA:321,1
DA:323,1
DA:324,1
DA:325,1
DA:326,1
DA:327,1
DA:328,1
DA:330,0
DA:332,1
DA:334,1
DA:335,1
DA:337,1
DA:340,1
DA:341,1
DA:342,1
DA:343,1
DA:344,1
DA:348,1
DA:349,1
DA:350,1
DA:351,1
DA:352,1
DA:356,1
DA:358,1
DA:359,1
DA:360,1
DA:361,1
DA:364,1
DA:365,1
DA:366,0
DA:369,1
DA:374,0
DA:381,1
DA:385,1
DA:386,0
DA:387,1
DA:390,1
DA:393,1
DA:395,1
DA:396,1
DA:398,1
DA:399,1
DA:400,1
DA:402,0
DA:404,1
DA:406,1
BRF:23
BRH:2
BRDA:240,560,0,0
BRDA:242,569,0,0
BRDA:245,580,0,0
BRDA:246,580,1,0
BRDA:247,578,0,0
BRDA:263,628,0,0
BRDA:264,637,0,0
BRDA:265,646,0,0
BRDA:267,653,0,0
BRDA:279,661,0,0
BRDA:295,708,0,0
BRDA:295,710,0,0
BRDA:295,710,1,0
BRDA:297,725,0,0
BRDA:318,873,0,0
BRDA:330,881,0,0
BRDA:365,1007,0,1
BRDA:366,1007,1,0
BRDA:381,541,0,0
BRDA:386,756,0,0
BRDA:387,756,1,1
BRDA:393,776,0,0
BRDA:402,784,0,0
end_of_record
TN:tests/stacks-m2m-v1.test.ts__Paying an invoice__pay-invoice() succeeds and returns invoice count with memo
SF:/home/whoabuddy/Dev/stacks-m2m/contracts/src/stacks-m2m-v2.clar
FN:121,get-total-users
FN:126,get-user-index
FN:131,get-user-data
FN:136,get-user-data-by-address
FN:141,get-total-resources
FN:146,get-resource-index
FN:151,get-resource
FN:156,get-resource-by-name
FN:161,get-total-invoices
FN:166,get-invoice
FN:171,get-recent-payment
FN:179,get-recent-payment-data
FN:184,get-recent-payment-data-by-address
FN:189,get-payment-address
FN:342,is-deployer
FN:198,set-payment-address
FN:216,add-resource
FN:252,delete-resource
FN:264,delete-resource-by-name
FN:346,get-or-create-user
FN:269,pay-invoice
FN:335,pay-invoice-by-resource-name
FNF:22
FNH:0
BRF:0
BRH:0
end_of_record

TN:tests/stacks-m2m-v1.test.ts__Paying an invoice__pay-invoice() succeeds and returns invoice count with memo over several blocks
SF:/home/whoabuddy/Dev/stacks-m2m/contracts/src/stacks-m2m-abtc.clar
FN:34,get-contract-owner
FN:37,get-name
FN:40,get-symbol
FN:43,get-decimals
FN:46,get-balance
FN:49,get-total-supply
FN:52,get-token-uri
FN:154,pow-decimals
FN:55,fixed-to-decimals
FN:58,decimals-to-fixed
FN:61,get-total-supply-fixed
FN:64,get-balance-fixed
FN:148,check-is-owner
FN:69,set-contract-owner
FN:74,set-name
FN:79,set-symbol
FN:84,set-decimals
FN:89,set-token-uri
FN:94,add-approved-contract
FN:99,set-approved-contract
FN:104,transfer
FN:151,check-is-approved
FN:111,mint
FN:116,burn
FN:121,transfer-fixed
FN:124,mint-fixed
FN:127,burn-fixed
FN:157,burn-fixed-many-iter
FN:130,burn-fixed-many
FN:136,faucet-drip
FN:139,faucet-drop
FN:142,faucet-flood
FNF:32
FNH:0
BRF:0
BRH:0
end_of_record
TN:tests/stacks-m2m-v1.test.ts__Paying an invoice__pay-invoice() succeeds and returns invoice count with memo over several blocks
SF:/home/whoabuddy/Dev/stacks-m2m/contracts/src/stacks-m2m-trait-v1.clar
FNF:0
FNH:0
BRF:0
BRH:0
end_of_record
TN:tests/stacks-m2m-v1.test.ts__Paying an invoice__pay-invoice() succeeds and returns invoice count with memo over several blocks
SF:/home/whoabuddy/Dev/stacks-m2m/contracts/src/stacks-m2m-v1.clar
FN:118,get-total-users
FN:123,get-user-index
FN:128,get-user-data
FN:133,get-user-data-by-address
FN:138,get-total-resources
FN:143,get-resource-index
FN:148,get-resource
FN:153,get-resource-by-name
FN:158,get-total-invoices
FN:163,get-invoice-index
FN:168,get-invoice
FN:173,get-invoice-by-hash
FN:178,get-recent-payment
FN:186,get-recent-payment-data
FN:191,get-recent-payment-data-by-address
FN:196,get-payment-address
FN:205,get-invoice-hash
FN:380,is-deployer
FN:237,set-payment-address
FN:255,add-resource
FN:290,delete-resource
FN:302,delete-resource-by-name
FN:384,get-or-create-user
FN:307,pay-invoice
FN:373,pay-invoice-by-resource-name
FNDA:1,add-resource
FNDA:6,get-invoice-hash
FNDA:6,get-or-create-user
FNDA:6,get-resource
FNDA:6,get-total-invoices
FNDA:1,get-total-resources
FNDA:3,get-total-users
FNDA:6,get-user-data
FNDA:1,is-deployer
FNDA:6,pay-invoice
FNF:25
FNH:10
DA:119,3
DA:124,0
DA:129,12
DA:134,0
DA:139,1
DA:144,0
DA:149,18
DA:154,0
DA:159,6
DA:164,0
DA:169,0
DA:174,0
DA:179,0
DA:180,0
DA:181,0
DA:187,0
DA:192,0
DA:197,0
DA:206,6
DA:209,6
DA:210,6
DA:212,6
DA:214,6
DA:215,6
DA:217,6
DA:218,6
DA:219,6
DA:220,6
DA:221,6
DA:223,6
DA:225,6
DA:228,6
DA:238,0
DA:240,0
DA:242,0
DA:244,0
DA:245,0
DA:246,0
DA:247,0
DA:249,0
DA:256,1
DA:258,1
DA:261,1
DA:263,1
DA:264,1
DA:265,1
DA:267,1
DA:269,1
DA:270,1
DA:272,1
DA:273,1
DA:274,1
DA:275,1
DA:276,1
DA:277,1
DA:279,0
DA:281,1
DA:283,1
DA:291,0
DA:293,0
DA:295,0
DA:297,0
DA:303,0
DA:308,6
DA:310,6
DA:311,6
DA:312,6
DA:313,6
DA:314,6
DA:315,6
DA:318,6
DA:320,6
DA:321,6
DA:323,6
DA:324,6
DA:325,6
DA:326,6
DA:327,6
DA:328,6
DA:330,0
DA:332,6
DA:334,6
DA:335,6
DA:337,6
DA:340,6
DA:341,6
DA:342,6
DA:343,6
DA:344,6
DA:348,6
DA:349,6
DA:350,6
DA:351,6
DA:352,6
DA:356,6
DA:358,6
DA:359,6
DA:360,6
DA:361,6
DA:364,6
DA:365,0
DA:366,6
DA:369,6
DA:374,0
DA:381,1
DA:385,6
DA:386,3
DA:387,3
DA:390,3
DA:393,3
DA:395,3
DA:396,3
DA:398,3
DA:399,3
DA:400,3
DA:402,0
DA:404,3
DA:406,3
BRF:23
BRH:3
BRDA:240,560,0,0
BRDA:242,569,0,0
BRDA:245,580,0,0
BRDA:246,580,1,0
BRDA:247,578,0,0
BRDA:263,628,0,0
BRDA:264,637,0,0
BRDA:265,646,0,0
BRDA:267,653,0,0
BRDA:279,661,0,0
BRDA:295,708,0,0
BRDA:295,710,0,0
BRDA:295,710,1,0
BRDA:297,725,0,0
BRDA:318,873,0,0
BRDA:330,881,0,0
BRDA:365,1007,0,0
BRDA:366,1007,1,6
BRDA:381,541,0,0
BRDA:386,756,0,3
BRDA:387,756,1,3
BRDA:393,776,0,0
BRDA:402,784,0,0
end_of_record
TN:tests/stacks-m2m-v1.test.ts__Paying an invoice__pay-invoice() succeeds and returns invoice count with memo over several blocks
SF:/home/whoabuddy/Dev/stacks-m2m/contracts/src/stacks-m2m-v2.clar
FN:121,get-total-users
FN:126,get-user-index
FN:131,get-user-data
FN:136,get-user-data-by-address
FN:141,get-total-resources
FN:146,get-resource-index
FN:151,get-resource
FN:156,get-resource-by-name
FN:161,get-total-invoices
FN:166,get-invoice
FN:171,get-recent-payment
FN:179,get-recent-payment-data
FN:184,get-recent-payment-data-by-address
FN:189,get-payment-address
FN:342,is-deployer
FN:198,set-payment-address
FN:216,add-resource
FN:252,delete-resource
FN:264,delete-resource-by-name
FN:346,get-or-create-user
FN:269,pay-invoice
FN:335,pay-invoice-by-resource-name
FNF:22
FNH:0
BRF:0
BRH:0
end_of_record

TN:tests/stacks-m2m-v1.test.ts__Paying an invoice__pay-invoice() succeeds and updates resource and user data
SF:/home/whoabuddy/Dev/stacks-m2m/contracts/src/stacks-m2m-abtc.clar
FN:34,get-contract-owner
FN:37,get-name
FN:40,get-symbol
FN:43,get-decimals
FN:46,get-balance
FN:49,get-total-supply
FN:52,get-token-uri
FN:154,pow-decimals
FN:55,fixed-to-decimals
FN:58,decimals-to-fixed
FN:61,get-total-supply-fixed
FN:64,get-balance-fixed
FN:148,check-is-owner
FN:69,set-contract-owner
FN:74,set-name
FN:79,set-symbol
FN:84,set-decimals
FN:89,set-token-uri
FN:94,add-approved-contract
FN:99,set-approved-contract
FN:104,transfer
FN:151,check-is-approved
FN:111,mint
FN:116,burn
FN:121,transfer-fixed
FN:124,mint-fixed
FN:127,burn-fixed
FN:157,burn-fixed-many-iter
FN:130,burn-fixed-many
FN:136,faucet-drip
FN:139,faucet-drop
FN:142,faucet-flood
FNF:32
FNH:0
BRF:0
BRH:0
end_of_record
TN:tests/stacks-m2m-v1.test.ts__Paying an invoice__pay-invoice() succeeds and updates resource and user data
SF:/home/whoabuddy/Dev/stacks-m2m/contracts/src/stacks-m2m-trait-v1.clar
FNF:0
FNH:0
BRF:0
BRH:0
end_of_record
TN:tests/stacks-m2m-v1.test.ts__Paying an invoice__pay-invoice() succeeds and updates resource and user data
SF:/home/whoabuddy/Dev/stacks-m2m/contracts/src/stacks-m2m-v1.clar
FN:118,get-total-users
FN:123,get-user-index
FN:128,get-user-data
FN:133,get-user-data-by-address
FN:138,get-total-resources
FN:143,get-resource-index
FN:148,get-resource
FN:153,get-resource-by-name
FN:158,get-total-invoices
FN:163,get-invoice-index
FN:168,get-invoice
FN:173,get-invoice-by-hash
FN:178,get-recent-payment
FN:186,get-recent-payment-data
FN:191,get-recent-payment-data-by-address
FN:196,get-payment-address
FN:205,get-invoice-hash
FN:380,is-deployer
FN:237,set-payment-address
FN:255,add-resource
FN:290,delete-resource
FN:302,delete-resource-by-name
FN:384,get-or-create-user
FN:307,pay-invoice
FN:373,pay-invoice-by-resource-name
FNDA:1,add-resource
FNDA:2,get-invoice-hash
FNDA:2,get-or-create-user
FNDA:3,get-resource
FNDA:2,get-total-invoices
FNDA:1,get-total-resources
FNDA:2,get-total-users
FNDA:4,get-user-data
FNDA:2,get-user-data-by-address
FNDA:2,get-user-index
FNDA:1,is-deployer
FNDA:2,pay-invoice
FNF:25
FNH:12
DA:119,2
DA:124,2
DA:129,6
DA:134,2
DA:139,1
DA:144,0
DA:149,7
DA:154,0
DA:159,2
DA:164,0
DA:169,0
DA:174,0
DA:179,0
DA:180,0
DA:181,0
DA:187,0
DA:192,0
DA:197,0
DA:206,2
DA:209,2
DA:210,2
DA:212,2
DA:214,2
DA:215,2
DA:217,2
DA:218,2
DA:219,2
DA:220,2
DA:221,2
DA:223,2
DA:225,2
DA:228,2
DA:238,0
DA:240,0
DA:242,0
DA:244,0
DA:245,0
DA:246,0
DA:247,0
DA:249,0
DA:256,1
DA:258,1
DA:261,1
DA:263,1
DA:264,1
DA:265,1
DA:267,1
DA:269,1
DA:270,1
DA:272,1
DA:273,1
DA:274,1
DA:275,1
DA:276,1
DA:277,1
DA:279,0
DA:281,1
DA:283,1
DA:291,0
DA:293,0
DA:295,0
DA:297,0
DA:303,0
DA:308,2
DA:310,2
DA:311,2
DA:312,2
DA:313,2
DA:314,2
DA:315,2
DA:318,2
DA:320,2
DA:321,2
DA:323,2
DA:324,2
DA:325,2
DA:326,2
DA:327,2
DA:328,2
DA:330,0
DA:332,2
DA:334,2
DA:335,2
DA:337,2
DA:340,2
DA:341,2
DA:342,2
DA:343,2
DA:344,2
DA:348,2
DA:349,2
DA:350,2
DA:351,2
DA:352,2
DA:356,2
DA:358,2
DA:359,2
DA:360,2
DA:361,2
DA:364,2
DA:365,0
DA:366,2
DA:369,2
DA:374,0
DA:381,1
DA:385,2
DA:386,0
DA:387,2
DA:390,2
DA:393,2
DA:395,2
DA:396,2
DA:398,2
DA:399,2
DA:400,2
DA:402,0
DA:404,2
DA:406,2
BRF:23
BRH:2
BRDA:240,560,0,0
BRDA:242,569,0,0
BRDA:245,580,0,0
BRDA:246,580,1,0
BRDA:247,578,0,0
BRDA:263,628,0,0
BRDA:264,637,0,0
BRDA:265,646,0,0
BRDA:267,653,0,0
BRDA:279,661,0,0
BRDA:295,708,0,0
BRDA:295,710,0,0
BRDA:295,710,1,0
BRDA:297,725,0,0
BRDA:318,873,0,0
BRDA:330,881,0,0
BRDA:365,1007,0,0
BRDA:366,1007,1,2
BRDA:381,541,0,0
BRDA:386,756,0,0
BRDA:387,756,1,2
BRDA:393,776,0,0
BRDA:402,784,0,0
end_of_record
TN:tests/stacks-m2m-v1.test.ts__Paying an invoice__pay-invoice() succeeds and updates resource and user data
SF:/home/whoabuddy/Dev/stacks-m2m/contracts/src/stacks-m2m-v2.clar
FN:121,get-total-users
FN:126,get-user-index
FN:131,get-user-data
FN:136,get-user-data-by-address
FN:141,get-total-resources
FN:146,get-resource-index
FN:151,get-resource
FN:156,get-resource-by-name
FN:161,get-total-invoices
FN:166,get-invoice
FN:171,get-recent-payment
FN:179,get-recent-payment-data
FN:184,get-recent-payment-data-by-address
FN:189,get-payment-address
FN:342,is-deployer
FN:198,set-payment-address
FN:216,add-resource
FN:252,delete-resource
FN:264,delete-resource-by-name
FN:346,get-or-create-user
FN:269,pay-invoice
FN:335,pay-invoice-by-resource-name
FNF:22
FNH:0
BRF:0
BRH:0
end_of_record
